<?xml version="1.0" encoding="UTF-8"?>
<testsuite name="camila.peopleregistration.controller.AddressControllerTest" tests="8" skipped="0" failures="0" errors="0" timestamp="2023-03-02T13:19:50" hostname="forttiori-Lenovo-ideapad-320-15IKB" time="2.628">
  <properties/>
  <testcase name="Deve retornar erro 404 quando tentar atualizar com um id de pessoa inexistente" classname="camila.peopleregistration.controller.AddressControllerTest" time="0.641"/>
  <testcase name="Deve retornar erro ConstraintViolationException quando passar um cep inválido no cadastro" classname="camila.peopleregistration.controller.AddressControllerTest" time="1.195"/>
  <testcase name="Deve criar um novo endereço quando passar um id de pessoa existente" classname="camila.peopleregistration.controller.AddressControllerTest" time="0.326"/>
  <testcase name="Deve retornar erro 404 quando buscar por id de pessoa inexistente" classname="camila.peopleregistration.controller.AddressControllerTest" time="0.042"/>
  <testcase name="Deve atualizar um endereço quando passar um id de pessoa existente" classname="camila.peopleregistration.controller.AddressControllerTest" time="0.267"/>
  <testcase name="Deve deletar um endereço quando passar um id de pessoa existente" classname="camila.peopleregistration.controller.AddressControllerTest" time="0.062"/>
  <testcase name="Deve retornar erro 404 quando tentar deletar com um id de pessoa inexistente" classname="camila.peopleregistration.controller.AddressControllerTest" time="0.031"/>
  <testcase name="Deve retornar uma lista de endereços quando buscar por id de pessoa existente" classname="camila.peopleregistration.controller.AddressControllerTest" time="0.049"/>
  <system-out><![CDATA[2023-03-02 10:19:48.075  INFO 17259 --- [    Test worker] .b.t.c.SpringBootTestContextBootstrapper : Neither @ContextConfiguration nor @ContextHierarchy found for test class [camila.peopleregistration.controller.AddressControllerTest], using SpringBootContextLoader
2023-03-02 10:19:48.076  INFO 17259 --- [    Test worker] o.s.t.c.support.AbstractContextLoader    : Could not detect default resource locations for test class [camila.peopleregistration.controller.AddressControllerTest]: no resource found for suffixes {-context.xml, Context.groovy}.
2023-03-02 10:19:48.076  INFO 17259 --- [    Test worker] t.c.s.AnnotationConfigContextLoaderUtils : Could not detect default configuration classes for test class [camila.peopleregistration.controller.AddressControllerTest]: AddressControllerTest does not declare any static, non-private, non-final, nested classes annotated with @Configuration.
2023-03-02 10:19:48.091  INFO 17259 --- [    Test worker] .b.t.c.SpringBootTestContextBootstrapper : Found @SpringBootConfiguration camila.peopleregistration.PeopleRegistrationApplication for test class camila.peopleregistration.controller.AddressControllerTest
2023-03-02 10:19:48.093  INFO 17259 --- [    Test worker] .b.t.c.SpringBootTestContextBootstrapper : Loaded default TestExecutionListener class names from location [META-INF/spring.factories]: [org.springframework.boot.test.autoconfigure.restdocs.RestDocsTestExecutionListener, org.springframework.boot.test.autoconfigure.web.client.MockRestServiceServerResetTestExecutionListener, org.springframework.boot.test.autoconfigure.web.servlet.MockMvcPrintOnlyOnFailureTestExecutionListener, org.springframework.boot.test.autoconfigure.web.servlet.WebDriverTestExecutionListener, org.springframework.boot.test.autoconfigure.webservices.client.MockWebServiceServerTestExecutionListener, org.springframework.boot.test.mock.mockito.MockitoTestExecutionListener, org.springframework.boot.test.mock.mockito.ResetMocksTestExecutionListener, org.springframework.test.context.web.ServletTestExecutionListener, org.springframework.test.context.support.DirtiesContextBeforeModesTestExecutionListener, org.springframework.test.context.event.ApplicationEventsTestExecutionListener, org.springframework.test.context.support.DependencyInjectionTestExecutionListener, org.springframework.test.context.support.DirtiesContextTestExecutionListener, org.springframework.test.context.transaction.TransactionalTestExecutionListener, org.springframework.test.context.jdbc.SqlScriptsTestExecutionListener, org.springframework.test.context.event.EventPublishingTestExecutionListener]
2023-03-02 10:19:48.094  INFO 17259 --- [    Test worker] .b.t.c.SpringBootTestContextBootstrapper : Using TestExecutionListeners: [org.springframework.test.context.web.ServletTestExecutionListener@5ba1be19, org.springframework.test.context.support.DirtiesContextBeforeModesTestExecutionListener@56e9cbee, org.springframework.test.context.event.ApplicationEventsTestExecutionListener@2187d7ac, org.springframework.boot.test.mock.mockito.MockitoTestExecutionListener@3de5f812, org.springframework.boot.test.autoconfigure.SpringBootDependencyInjectionTestExecutionListener@6b62d8c1, org.springframework.test.context.support.DirtiesContextTestExecutionListener@73ccc8f8, org.springframework.test.context.transaction.TransactionalTestExecutionListener@6ce95b9a, org.springframework.test.context.jdbc.SqlScriptsTestExecutionListener@7ede0b7d, org.springframework.test.context.event.EventPublishingTestExecutionListener@38760b7, org.springframework.boot.test.autoconfigure.restdocs.RestDocsTestExecutionListener@1699e337, org.springframework.boot.test.autoconfigure.web.client.MockRestServiceServerResetTestExecutionListener@300a4ff5, org.springframework.boot.test.autoconfigure.web.servlet.MockMvcPrintOnlyOnFailureTestExecutionListener@3e812f6a, org.springframework.boot.test.autoconfigure.web.servlet.WebDriverTestExecutionListener@63b72d5, org.springframework.boot.test.autoconfigure.webservices.client.MockWebServiceServerTestExecutionListener@5fe2a97e, org.springframework.boot.test.mock.mockito.ResetMocksTestExecutionListener@3df53090]

  .   ____          _            __ _ _
 /\\ / ___'_ __ _ _(_)_ __  __ _ \ \ \ \
( ( )\___ | '_ | '_| | '_ \/ _` | \ \ \ \
 \\/  ___)| |_)| | | | | || (_| |  ) ) ) )
  '  |____| .__|_| |_|_| |_\__, | / / / /
 =========|_|==============|___/=/_/_/_/
 :: Spring Boot ::                (v2.5.6)

2023-03-02 10:19:48.126  INFO 17259 --- [    Test worker] c.p.controller.AddressControllerTest     : Starting AddressControllerTest using Java 18.0.2 on forttiori-Lenovo-ideapad-320-15IKB with PID 17259 (started by forttiori in /home/forttiori/Documentos/people-registration)
2023-03-02 10:19:48.128  INFO 17259 --- [    Test worker] c.p.controller.AddressControllerTest     : No active profile set, falling back to default profiles: default
2023-03-02 10:19:48.621  INFO 17259 --- [    Test worker] .s.d.r.c.RepositoryConfigurationDelegate : Bootstrapping Spring Data JPA repositories in DEFAULT mode.
2023-03-02 10:19:48.635  INFO 17259 --- [    Test worker] .s.d.r.c.RepositoryConfigurationDelegate : Finished Spring Data repository scanning in 12 ms. Found 2 JPA repository interfaces.
2023-03-02 10:19:48.740  INFO 17259 --- [    Test worker] trationDelegate$BeanPostProcessorChecker : Bean 'org.springframework.ws.config.annotation.DelegatingWsConfiguration' of type [org.springframework.ws.config.annotation.DelegatingWsConfiguration$$EnhancerBySpringCGLIB$$ed75a31c] is not eligible for getting processed by all BeanPostProcessors (for example: not eligible for auto-proxying)
2023-03-02 10:19:48.746  INFO 17259 --- [    Test worker] .w.s.a.s.AnnotationActionEndpointMapping : Supporting [WS-Addressing August 2004, WS-Addressing 1.0]
2023-03-02 10:19:48.830  INFO 17259 --- [    Test worker] com.zaxxer.hikari.HikariDataSource       : HikariPool-3 - Starting...
2023-03-02 10:19:48.831  INFO 17259 --- [    Test worker] com.zaxxer.hikari.HikariDataSource       : HikariPool-3 - Start completed.
2023-03-02 10:19:48.840  INFO 17259 --- [    Test worker] o.hibernate.jpa.internal.util.LogHelper  : HHH000204: Processing PersistenceUnitInfo [name: default]
2023-03-02 10:19:48.846  INFO 17259 --- [    Test worker] org.hibernate.dialect.Dialect            : HHH000400: Using dialect: org.hibernate.dialect.H2Dialect
Hibernate: drop table if exists address_entity CASCADE 
Hibernate: drop table if exists person_entity CASCADE 
Hibernate: create table address_entity (id bigint generated by default as identity, cep varchar(10) not null, city varchar(100) not null, main_address boolean not null, neighborhood varchar(100) not null, number varchar(10) not null, street varchar(100) not null, uf varchar(2) not null, person_entity_id bigint, primary key (id))
Hibernate: create table person_entity (id bigint generated by default as identity, birthdate timestamp not null, name varchar(100) not null, status varchar(10) not null, primary key (id))
Hibernate: alter table address_entity add constraint FK9spv5h8yg5r7fuukb5ifca1nq foreign key (person_entity_id) references person_entity
2023-03-02 10:19:48.950  INFO 17259 --- [    Test worker] o.h.e.t.j.p.i.JtaPlatformInitiator       : HHH000490: Using JtaPlatform implementation: [org.hibernate.engine.transaction.jta.platform.internal.NoJtaPlatform]
2023-03-02 10:19:48.951  INFO 17259 --- [    Test worker] j.LocalContainerEntityManagerFactoryBean : Initialized JPA EntityManagerFactory for persistence unit 'default'
2023-03-02 10:19:49.273  WARN 17259 --- [    Test worker] JpaBaseConfiguration$JpaWebConfiguration : spring.jpa.open-in-view is enabled by default. Therefore, database queries may be performed during view rendering. Explicitly configure spring.jpa.open-in-view to disable this warning
2023-03-02 10:19:49.588  INFO 17259 --- [    Test worker] o.s.b.a.e.web.EndpointLinksResolver      : Exposing 13 endpoint(s) beneath base path '/actuator'
2023-03-02 10:19:49.991  WARN 17259 --- [    Test worker] o.s.b.a.m.MustacheAutoConfiguration      : Cannot find template location: classpath:/templates/ (please add some templates, check your Mustache configuration, or set spring.mustache.check-template-location=false)
2023-03-02 10:19:50.221  INFO 17259 --- [    Test worker] o.s.b.t.m.w.SpringBootMockServletContext : Initializing Spring TestDispatcherServlet ''
2023-03-02 10:19:50.222  INFO 17259 --- [    Test worker] o.s.t.web.servlet.TestDispatcherServlet  : Initializing Servlet ''
2023-03-02 10:19:50.225  INFO 17259 --- [    Test worker] o.s.t.web.servlet.TestDispatcherServlet  : Completed initialization in 3 ms
2023-03-02 10:19:50.597  INFO 17259 --- [    Test worker] c.p.controller.AddressControllerTest     : Started AddressControllerTest in 2.499 seconds (JVM running for 19.443)
Hibernate: insert into person_entity (id, birthdate, name, status) values (null, ?, ?, ?)
Hibernate: insert into address_entity (id, cep, city, main_address, neighborhood, number, street, uf) values (null, ?, ?, ?, ?, ?, ?, ?)
Hibernate: update address_entity set person_entity_id=? where id=?
Hibernate: insert into address_entity (id, cep, city, main_address, neighborhood, number, street, uf) values (null, ?, ?, ?, ?, ?, ?, ?)
Hibernate: select personenti0_.id as id1_1_0_, personenti0_.birthdate as birthdat2_1_0_, personenti0_.name as name3_1_0_, personenti0_.status as status4_1_0_ from person_entity personenti0_ where personenti0_.id=? and ( personenti0_.status = 'Ativo')

MockHttpServletRequest:
      HTTP Method = PUT
      Request URI = /v1/person/2/address/1
       Parameters = {}
          Headers = [Content-Type:"application/json;charset=UTF-8", Content-Length:"151"]
             Body = {"id":null,"cep":"94020070","number":"10","uf":"RS","mainAddress":true,"logradouro":"Rua João Dutra","bairro":"Salgado Filho","localidade":"Gravatai"}
    Session Attrs = {}

Handler:
             Type = camila.peopleregistration.controller.AddressController
           Method = camila.peopleregistration.controller.AddressController#updateAddress(Long, AddressEntity, Long)

Async:
    Async started = false
     Async result = null

Resolved Exception:
             Type = camila.peopleregistration.configuration.exception.NotFoundException

ModelAndView:
        View name = null
             View = null
            Model = null

FlashMap:
       Attributes = null

MockHttpServletResponse:
           Status = 404
    Error message = null
          Headers = [Content-Type:"application/json"]
     Content type = application/json
             Body = {"message":"Person not found","field":"NOT_FOUND","parameter":"NotFoundException","timestamp":"2023-03-02T10:19:50"}
    Forwarded URL = null
   Redirected URL = null
          Cookies = []
Hibernate: select personenti0_.id as id1_1_, personenti0_.birthdate as birthdat2_1_, personenti0_.name as name3_1_, personenti0_.status as status4_1_ from person_entity personenti0_ where ( personenti0_.status = 'Ativo')
Hibernate: select addresses0_.person_entity_id as person_e9_0_0_, addresses0_.id as id1_0_0_, addresses0_.id as id1_0_1_, addresses0_.cep as cep2_0_1_, addresses0_.city as city3_0_1_, addresses0_.main_address as main_add4_0_1_, addresses0_.neighborhood as neighbor5_0_1_, addresses0_.number as number6_0_1_, addresses0_.street as street7_0_1_, addresses0_.uf as uf8_0_1_ from address_entity addresses0_ where addresses0_.person_entity_id=?
Hibernate: update address_entity set person_entity_id=null where person_entity_id=?
Hibernate: delete from address_entity where id=?
Hibernate: UPDATE PERSON_ENTITY SET status = 'Inativo' WHERE id = ?
Hibernate: select addressent0_.id as id1_0_, addressent0_.cep as cep2_0_, addressent0_.city as city3_0_, addressent0_.main_address as main_add4_0_, addressent0_.neighborhood as neighbor5_0_, addressent0_.number as number6_0_, addressent0_.street as street7_0_, addressent0_.uf as uf8_0_ from address_entity addressent0_
Hibernate: delete from address_entity where id=?
Hibernate: insert into person_entity (id, birthdate, name, status) values (null, ?, ?, ?)
Hibernate: insert into address_entity (id, cep, city, main_address, neighborhood, number, street, uf) values (null, ?, ?, ?, ?, ?, ?, ?)
Hibernate: update address_entity set person_entity_id=? where id=?
Hibernate: insert into address_entity (id, cep, city, main_address, neighborhood, number, street, uf) values (null, ?, ?, ?, ?, ?, ?, ?)
Hibernate: select personenti0_.id as id1_1_, personenti0_.birthdate as birthdat2_1_, personenti0_.name as name3_1_, personenti0_.status as status4_1_ from person_entity personenti0_ where ( personenti0_.status = 'Ativo')
Hibernate: select addresses0_.person_entity_id as person_e9_0_0_, addresses0_.id as id1_0_0_, addresses0_.id as id1_0_1_, addresses0_.cep as cep2_0_1_, addresses0_.city as city3_0_1_, addresses0_.main_address as main_add4_0_1_, addresses0_.neighborhood as neighbor5_0_1_, addresses0_.number as number6_0_1_, addresses0_.street as street7_0_1_, addresses0_.uf as uf8_0_1_ from address_entity addresses0_ where addresses0_.person_entity_id=?
Hibernate: select personenti0_.id as id1_1_0_, personenti0_.birthdate as birthdat2_1_0_, personenti0_.name as name3_1_0_, personenti0_.status as status4_1_0_ from person_entity personenti0_ where personenti0_.id=? and ( personenti0_.status = 'Ativo')
Hibernate: select addresses0_.person_entity_id as person_e9_0_0_, addresses0_.id as id1_0_0_, addresses0_.id as id1_0_1_, addresses0_.cep as cep2_0_1_, addresses0_.city as city3_0_1_, addresses0_.main_address as main_add4_0_1_, addresses0_.neighborhood as neighbor5_0_1_, addresses0_.number as number6_0_1_, addresses0_.street as street7_0_1_, addresses0_.uf as uf8_0_1_ from address_entity addresses0_ where addresses0_.person_entity_id=?

MockHttpServletRequest:
      HTTP Method = POST
      Request URI = /v1/person/2/address/
       Parameters = {addressId=[3]}
          Headers = [Content-Type:"application/json;charset=UTF-8", Content-Length:"118"]
             Body = {"id":2,"cep":"94020050","number":null,"uf":null,"mainAddress":null,"logradouro":null,"bairro":null,"localidade":null}
    Session Attrs = {}

Handler:
             Type = camila.peopleregistration.controller.AddressController
           Method = camila.peopleregistration.controller.AddressController#createAddress(AddressEntity, Long)

Async:
    Async started = false
     Async result = null

Resolved Exception:
             Type = javax.validation.ConstraintViolationException

ModelAndView:
        View name = null
             View = null
            Model = null

FlashMap:
       Attributes = null

MockHttpServletResponse:
           Status = 400
    Error message = null
          Headers = [Content-Type:"application/json"]
     Content type = application/json
             Body = {"message":"Missing required fields or invalid data","field":"BAD_REQUEST","parameter":"ConstraintViolationException","timestamp":"2023-03-02T10:19:52"}
    Forwarded URL = null
   Redirected URL = null
          Cookies = []
Hibernate: select personenti0_.id as id1_1_, personenti0_.birthdate as birthdat2_1_, personenti0_.name as name3_1_, personenti0_.status as status4_1_ from person_entity personenti0_ where ( personenti0_.status = 'Ativo')
Hibernate: select addresses0_.person_entity_id as person_e9_0_0_, addresses0_.id as id1_0_0_, addresses0_.id as id1_0_1_, addresses0_.cep as cep2_0_1_, addresses0_.city as city3_0_1_, addresses0_.main_address as main_add4_0_1_, addresses0_.neighborhood as neighbor5_0_1_, addresses0_.number as number6_0_1_, addresses0_.street as street7_0_1_, addresses0_.uf as uf8_0_1_ from address_entity addresses0_ where addresses0_.person_entity_id=?
Hibernate: update address_entity set person_entity_id=null where person_entity_id=?
Hibernate: delete from address_entity where id=?
Hibernate: UPDATE PERSON_ENTITY SET status = 'Inativo' WHERE id = ?
Hibernate: select addressent0_.id as id1_0_, addressent0_.cep as cep2_0_, addressent0_.city as city3_0_, addressent0_.main_address as main_add4_0_, addressent0_.neighborhood as neighbor5_0_, addressent0_.number as number6_0_, addressent0_.street as street7_0_, addressent0_.uf as uf8_0_ from address_entity addressent0_
Hibernate: delete from address_entity where id=?
Hibernate: insert into person_entity (id, birthdate, name, status) values (null, ?, ?, ?)
Hibernate: insert into address_entity (id, cep, city, main_address, neighborhood, number, street, uf) values (null, ?, ?, ?, ?, ?, ?, ?)
Hibernate: update address_entity set person_entity_id=? where id=?
Hibernate: insert into address_entity (id, cep, city, main_address, neighborhood, number, street, uf) values (null, ?, ?, ?, ?, ?, ?, ?)
Hibernate: select personenti0_.id as id1_1_, personenti0_.birthdate as birthdat2_1_, personenti0_.name as name3_1_, personenti0_.status as status4_1_ from person_entity personenti0_ where ( personenti0_.status = 'Ativo')
Hibernate: select addresses0_.person_entity_id as person_e9_0_0_, addresses0_.id as id1_0_0_, addresses0_.id as id1_0_1_, addresses0_.cep as cep2_0_1_, addresses0_.city as city3_0_1_, addresses0_.main_address as main_add4_0_1_, addresses0_.neighborhood as neighbor5_0_1_, addresses0_.number as number6_0_1_, addresses0_.street as street7_0_1_, addresses0_.uf as uf8_0_1_ from address_entity addresses0_ where addresses0_.person_entity_id=?
Hibernate: select personenti0_.id as id1_1_0_, personenti0_.birthdate as birthdat2_1_0_, personenti0_.name as name3_1_0_, personenti0_.status as status4_1_0_ from person_entity personenti0_ where personenti0_.id=? and ( personenti0_.status = 'Ativo')
Hibernate: select addresses0_.person_entity_id as person_e9_0_0_, addresses0_.id as id1_0_0_, addresses0_.id as id1_0_1_, addresses0_.cep as cep2_0_1_, addresses0_.city as city3_0_1_, addresses0_.main_address as main_add4_0_1_, addresses0_.neighborhood as neighbor5_0_1_, addresses0_.number as number6_0_1_, addresses0_.street as street7_0_1_, addresses0_.uf as uf8_0_1_ from address_entity addresses0_ where addresses0_.person_entity_id=?
Hibernate: insert into address_entity (id, cep, city, main_address, neighborhood, number, street, uf) values (null, ?, ?, ?, ?, ?, ?, ?)
Hibernate: update address_entity set person_entity_id=? where id=?

MockHttpServletRequest:
      HTTP Method = POST
      Request URI = /v1/person/3/address/
       Parameters = {}
          Headers = [Content-Type:"application/json;charset=UTF-8", Content-Length:"151"]
             Body = {"id":null,"cep":"94020070","number":"10","uf":"RS","mainAddress":true,"logradouro":"Rua João Dutra","bairro":"Salgado Filho","localidade":"Gravatai"}
    Session Attrs = {}

Handler:
             Type = camila.peopleregistration.controller.AddressController
           Method = camila.peopleregistration.controller.AddressController#createAddress(AddressEntity, Long)

Async:
    Async started = false
     Async result = null

Resolved Exception:
             Type = null

ModelAndView:
        View name = null
             View = null
            Model = null

FlashMap:
       Attributes = null

MockHttpServletResponse:
           Status = 201
    Error message = null
          Headers = [Content-Type:"application/json"]
     Content type = application/json
             Body = {"id":7,"cep":"94020-070","number":"10","uf":"RS","mainAddress":true,"logradouro":"Rua JoÃ£o Dutra","bairro":"Salgado Filho","localidade":"GravataÃ­"}
    Forwarded URL = null
   Redirected URL = null
          Cookies = []
Hibernate: select personenti0_.id as id1_1_, personenti0_.birthdate as birthdat2_1_, personenti0_.name as name3_1_, personenti0_.status as status4_1_ from person_entity personenti0_ where ( personenti0_.status = 'Ativo')
Hibernate: select addresses0_.person_entity_id as person_e9_0_0_, addresses0_.id as id1_0_0_, addresses0_.id as id1_0_1_, addresses0_.cep as cep2_0_1_, addresses0_.city as city3_0_1_, addresses0_.main_address as main_add4_0_1_, addresses0_.neighborhood as neighbor5_0_1_, addresses0_.number as number6_0_1_, addresses0_.street as street7_0_1_, addresses0_.uf as uf8_0_1_ from address_entity addresses0_ where addresses0_.person_entity_id=?
Hibernate: update address_entity set person_entity_id=null where person_entity_id=?
Hibernate: delete from address_entity where id=?
Hibernate: delete from address_entity where id=?
Hibernate: UPDATE PERSON_ENTITY SET status = 'Inativo' WHERE id = ?
Hibernate: select addressent0_.id as id1_0_, addressent0_.cep as cep2_0_, addressent0_.city as city3_0_, addressent0_.main_address as main_add4_0_, addressent0_.neighborhood as neighbor5_0_, addressent0_.number as number6_0_, addressent0_.street as street7_0_, addressent0_.uf as uf8_0_ from address_entity addressent0_
Hibernate: delete from address_entity where id=?
Hibernate: insert into person_entity (id, birthdate, name, status) values (null, ?, ?, ?)
Hibernate: insert into address_entity (id, cep, city, main_address, neighborhood, number, street, uf) values (null, ?, ?, ?, ?, ?, ?, ?)
Hibernate: update address_entity set person_entity_id=? where id=?
Hibernate: insert into address_entity (id, cep, city, main_address, neighborhood, number, street, uf) values (null, ?, ?, ?, ?, ?, ?, ?)
Hibernate: select personenti0_.id as id1_1_0_, personenti0_.birthdate as birthdat2_1_0_, personenti0_.name as name3_1_0_, personenti0_.status as status4_1_0_ from person_entity personenti0_ where personenti0_.id=? and ( personenti0_.status = 'Ativo')

MockHttpServletRequest:
      HTTP Method = GET
      Request URI = /v1/person/2/address/
       Parameters = {addressId=[1]}
          Headers = [Content-Type:"application/json;charset=UTF-8"]
             Body = null
    Session Attrs = {}

Handler:
             Type = camila.peopleregistration.controller.AddressController
           Method = camila.peopleregistration.controller.AddressController#getAddressesByPersonId(Long)

Async:
    Async started = false
     Async result = null

Resolved Exception:
             Type = camila.peopleregistration.configuration.exception.NotFoundException

ModelAndView:
        View name = null
             View = null
            Model = null

FlashMap:
       Attributes = null

MockHttpServletResponse:
           Status = 404
    Error message = null
          Headers = [Content-Type:"application/json"]
     Content type = application/json
             Body = {"message":"Person with id 2 not found","field":"NOT_FOUND","parameter":"NotFoundException","timestamp":"2023-03-02T10:19:52"}
    Forwarded URL = null
   Redirected URL = null
          Cookies = []
Hibernate: select personenti0_.id as id1_1_, personenti0_.birthdate as birthdat2_1_, personenti0_.name as name3_1_, personenti0_.status as status4_1_ from person_entity personenti0_ where ( personenti0_.status = 'Ativo')
Hibernate: select addresses0_.person_entity_id as person_e9_0_0_, addresses0_.id as id1_0_0_, addresses0_.id as id1_0_1_, addresses0_.cep as cep2_0_1_, addresses0_.city as city3_0_1_, addresses0_.main_address as main_add4_0_1_, addresses0_.neighborhood as neighbor5_0_1_, addresses0_.number as number6_0_1_, addresses0_.street as street7_0_1_, addresses0_.uf as uf8_0_1_ from address_entity addresses0_ where addresses0_.person_entity_id=?
Hibernate: update address_entity set person_entity_id=null where person_entity_id=?
Hibernate: delete from address_entity where id=?
Hibernate: UPDATE PERSON_ENTITY SET status = 'Inativo' WHERE id = ?
Hibernate: select addressent0_.id as id1_0_, addressent0_.cep as cep2_0_, addressent0_.city as city3_0_, addressent0_.main_address as main_add4_0_, addressent0_.neighborhood as neighbor5_0_, addressent0_.number as number6_0_, addressent0_.street as street7_0_, addressent0_.uf as uf8_0_ from address_entity addressent0_
Hibernate: delete from address_entity where id=?
Hibernate: insert into person_entity (id, birthdate, name, status) values (null, ?, ?, ?)
Hibernate: insert into address_entity (id, cep, city, main_address, neighborhood, number, street, uf) values (null, ?, ?, ?, ?, ?, ?, ?)
Hibernate: update address_entity set person_entity_id=? where id=?
Hibernate: insert into address_entity (id, cep, city, main_address, neighborhood, number, street, uf) values (null, ?, ?, ?, ?, ?, ?, ?)
Hibernate: select personenti0_.id as id1_1_, personenti0_.birthdate as birthdat2_1_, personenti0_.name as name3_1_, personenti0_.status as status4_1_ from person_entity personenti0_ where ( personenti0_.status = 'Ativo')
Hibernate: select addresses0_.person_entity_id as person_e9_0_0_, addresses0_.id as id1_0_0_, addresses0_.id as id1_0_1_, addresses0_.cep as cep2_0_1_, addresses0_.city as city3_0_1_, addresses0_.main_address as main_add4_0_1_, addresses0_.neighborhood as neighbor5_0_1_, addresses0_.number as number6_0_1_, addresses0_.street as street7_0_1_, addresses0_.uf as uf8_0_1_ from address_entity addresses0_ where addresses0_.person_entity_id=?
Hibernate: select personenti0_.id as id1_1_0_, personenti0_.birthdate as birthdat2_1_0_, personenti0_.name as name3_1_0_, personenti0_.status as status4_1_0_ from person_entity personenti0_ where personenti0_.id=? and ( personenti0_.status = 'Ativo')
Hibernate: select addresses0_.person_entity_id as person_e9_0_0_, addresses0_.id as id1_0_0_, addresses0_.id as id1_0_1_, addresses0_.cep as cep2_0_1_, addresses0_.city as city3_0_1_, addresses0_.main_address as main_add4_0_1_, addresses0_.neighborhood as neighbor5_0_1_, addresses0_.number as number6_0_1_, addresses0_.street as street7_0_1_, addresses0_.uf as uf8_0_1_ from address_entity addresses0_ where addresses0_.person_entity_id=?
Hibernate: update address_entity set cep=?, city=?, main_address=?, neighborhood=?, number=?, street=?, uf=? where id=?

MockHttpServletRequest:
      HTTP Method = PUT
      Request URI = /v1/person/5/address/10
       Parameters = {}
          Headers = [Content-Type:"application/json;charset=UTF-8", Content-Length:"151"]
             Body = {"id":null,"cep":"94020070","number":"10","uf":"RS","mainAddress":true,"logradouro":"Rua João Dutra","bairro":"Salgado Filho","localidade":"Gravatai"}
    Session Attrs = {}

Handler:
             Type = camila.peopleregistration.controller.AddressController
           Method = camila.peopleregistration.controller.AddressController#updateAddress(Long, AddressEntity, Long)

Async:
    Async started = false
     Async result = null

Resolved Exception:
             Type = null

ModelAndView:
        View name = null
             View = null
            Model = null

FlashMap:
       Attributes = null

MockHttpServletResponse:
           Status = 201
    Error message = null
          Headers = [Content-Type:"application/json"]
     Content type = application/json
             Body = {"id":10,"cep":"94020-070","number":"10","uf":"RS","mainAddress":true,"logradouro":"Rua JoÃ£o Dutra","bairro":"Salgado Filho","localidade":"GravataÃ­"}
    Forwarded URL = null
   Redirected URL = null
          Cookies = []
Hibernate: select personenti0_.id as id1_1_, personenti0_.birthdate as birthdat2_1_, personenti0_.name as name3_1_, personenti0_.status as status4_1_ from person_entity personenti0_ where ( personenti0_.status = 'Ativo')
Hibernate: select addresses0_.person_entity_id as person_e9_0_0_, addresses0_.id as id1_0_0_, addresses0_.id as id1_0_1_, addresses0_.cep as cep2_0_1_, addresses0_.city as city3_0_1_, addresses0_.main_address as main_add4_0_1_, addresses0_.neighborhood as neighbor5_0_1_, addresses0_.number as number6_0_1_, addresses0_.street as street7_0_1_, addresses0_.uf as uf8_0_1_ from address_entity addresses0_ where addresses0_.person_entity_id=?
Hibernate: update address_entity set person_entity_id=null where person_entity_id=?
Hibernate: delete from address_entity where id=?
Hibernate: UPDATE PERSON_ENTITY SET status = 'Inativo' WHERE id = ?
Hibernate: select addressent0_.id as id1_0_, addressent0_.cep as cep2_0_, addressent0_.city as city3_0_, addressent0_.main_address as main_add4_0_, addressent0_.neighborhood as neighbor5_0_, addressent0_.number as number6_0_, addressent0_.street as street7_0_, addressent0_.uf as uf8_0_ from address_entity addressent0_
Hibernate: delete from address_entity where id=?
Hibernate: insert into person_entity (id, birthdate, name, status) values (null, ?, ?, ?)
Hibernate: insert into address_entity (id, cep, city, main_address, neighborhood, number, street, uf) values (null, ?, ?, ?, ?, ?, ?, ?)
Hibernate: update address_entity set person_entity_id=? where id=?
Hibernate: insert into address_entity (id, cep, city, main_address, neighborhood, number, street, uf) values (null, ?, ?, ?, ?, ?, ?, ?)
Hibernate: select personenti0_.id as id1_1_, personenti0_.birthdate as birthdat2_1_, personenti0_.name as name3_1_, personenti0_.status as status4_1_ from person_entity personenti0_ where ( personenti0_.status = 'Ativo')
Hibernate: select addresses0_.person_entity_id as person_e9_0_0_, addresses0_.id as id1_0_0_, addresses0_.id as id1_0_1_, addresses0_.cep as cep2_0_1_, addresses0_.city as city3_0_1_, addresses0_.main_address as main_add4_0_1_, addresses0_.neighborhood as neighbor5_0_1_, addresses0_.number as number6_0_1_, addresses0_.street as street7_0_1_, addresses0_.uf as uf8_0_1_ from address_entity addresses0_ where addresses0_.person_entity_id=?
Hibernate: select addressent0_.id as id1_0_0_, addressent0_.cep as cep2_0_0_, addressent0_.city as city3_0_0_, addressent0_.main_address as main_add4_0_0_, addressent0_.neighborhood as neighbor5_0_0_, addressent0_.number as number6_0_0_, addressent0_.street as street7_0_0_, addressent0_.uf as uf8_0_0_ from address_entity addressent0_ where addressent0_.id=?
Hibernate: delete from address_entity where id=?

MockHttpServletRequest:
      HTTP Method = DELETE
      Request URI = /v1/person/6/address/12
       Parameters = {}
          Headers = [Content-Type:"application/json;charset=UTF-8"]
             Body = null
    Session Attrs = {}

Handler:
             Type = camila.peopleregistration.controller.AddressController
           Method = camila.peopleregistration.controller.AddressController#deleteAddress(Long, Long)

Async:
    Async started = false
     Async result = null

Resolved Exception:
             Type = null

ModelAndView:
        View name = null
             View = null
            Model = null

FlashMap:
       Attributes = null

MockHttpServletResponse:
           Status = 204
    Error message = null
          Headers = []
     Content type = null
             Body = 
    Forwarded URL = null
   Redirected URL = null
          Cookies = []
Hibernate: select personenti0_.id as id1_1_, personenti0_.birthdate as birthdat2_1_, personenti0_.name as name3_1_, personenti0_.status as status4_1_ from person_entity personenti0_ where ( personenti0_.status = 'Ativo')
Hibernate: select addresses0_.person_entity_id as person_e9_0_0_, addresses0_.id as id1_0_0_, addresses0_.id as id1_0_1_, addresses0_.cep as cep2_0_1_, addresses0_.city as city3_0_1_, addresses0_.main_address as main_add4_0_1_, addresses0_.neighborhood as neighbor5_0_1_, addresses0_.number as number6_0_1_, addresses0_.street as street7_0_1_, addresses0_.uf as uf8_0_1_ from address_entity addresses0_ where addresses0_.person_entity_id=?
Hibernate: UPDATE PERSON_ENTITY SET status = 'Inativo' WHERE id = ?
Hibernate: select addressent0_.id as id1_0_, addressent0_.cep as cep2_0_, addressent0_.city as city3_0_, addressent0_.main_address as main_add4_0_, addressent0_.neighborhood as neighbor5_0_, addressent0_.number as number6_0_, addressent0_.street as street7_0_, addressent0_.uf as uf8_0_ from address_entity addressent0_
Hibernate: delete from address_entity where id=?
Hibernate: insert into person_entity (id, birthdate, name, status) values (null, ?, ?, ?)
Hibernate: insert into address_entity (id, cep, city, main_address, neighborhood, number, street, uf) values (null, ?, ?, ?, ?, ?, ?, ?)
Hibernate: update address_entity set person_entity_id=? where id=?
Hibernate: insert into address_entity (id, cep, city, main_address, neighborhood, number, street, uf) values (null, ?, ?, ?, ?, ?, ?, ?)
Hibernate: select addressent0_.id as id1_0_0_, addressent0_.cep as cep2_0_0_, addressent0_.city as city3_0_0_, addressent0_.main_address as main_add4_0_0_, addressent0_.neighborhood as neighbor5_0_0_, addressent0_.number as number6_0_0_, addressent0_.street as street7_0_0_, addressent0_.uf as uf8_0_0_ from address_entity addressent0_ where addressent0_.id=?

MockHttpServletRequest:
      HTTP Method = DELETE
      Request URI = /v1/person/7/address/12
       Parameters = {}
          Headers = [Content-Type:"application/json;charset=UTF-8"]
             Body = null
    Session Attrs = {}

Handler:
             Type = camila.peopleregistration.controller.AddressController
           Method = camila.peopleregistration.controller.AddressController#deleteAddress(Long, Long)

Async:
    Async started = false
     Async result = null

Resolved Exception:
             Type = camila.peopleregistration.configuration.exception.NotFoundException

ModelAndView:
        View name = null
             View = null
            Model = null

FlashMap:
       Attributes = null

MockHttpServletResponse:
           Status = 404
    Error message = null
          Headers = [Content-Type:"application/json"]
     Content type = application/json
             Body = {"message":"Address with ID 12 not found for person with ID 7","field":"NOT_FOUND","parameter":"NotFoundException","timestamp":"2023-03-02T10:19:53"}
    Forwarded URL = null
   Redirected URL = null
          Cookies = []
Hibernate: select personenti0_.id as id1_1_, personenti0_.birthdate as birthdat2_1_, personenti0_.name as name3_1_, personenti0_.status as status4_1_ from person_entity personenti0_ where ( personenti0_.status = 'Ativo')
Hibernate: select addresses0_.person_entity_id as person_e9_0_0_, addresses0_.id as id1_0_0_, addresses0_.id as id1_0_1_, addresses0_.cep as cep2_0_1_, addresses0_.city as city3_0_1_, addresses0_.main_address as main_add4_0_1_, addresses0_.neighborhood as neighbor5_0_1_, addresses0_.number as number6_0_1_, addresses0_.street as street7_0_1_, addresses0_.uf as uf8_0_1_ from address_entity addresses0_ where addresses0_.person_entity_id=?
Hibernate: update address_entity set person_entity_id=null where person_entity_id=?
Hibernate: delete from address_entity where id=?
Hibernate: UPDATE PERSON_ENTITY SET status = 'Inativo' WHERE id = ?
Hibernate: select addressent0_.id as id1_0_, addressent0_.cep as cep2_0_, addressent0_.city as city3_0_, addressent0_.main_address as main_add4_0_, addressent0_.neighborhood as neighbor5_0_, addressent0_.number as number6_0_, addressent0_.street as street7_0_, addressent0_.uf as uf8_0_ from address_entity addressent0_
Hibernate: delete from address_entity where id=?
Hibernate: insert into person_entity (id, birthdate, name, status) values (null, ?, ?, ?)
Hibernate: insert into address_entity (id, cep, city, main_address, neighborhood, number, street, uf) values (null, ?, ?, ?, ?, ?, ?, ?)
Hibernate: update address_entity set person_entity_id=? where id=?
Hibernate: insert into address_entity (id, cep, city, main_address, neighborhood, number, street, uf) values (null, ?, ?, ?, ?, ?, ?, ?)
Hibernate: select personenti0_.id as id1_1_, personenti0_.birthdate as birthdat2_1_, personenti0_.name as name3_1_, personenti0_.status as status4_1_ from person_entity personenti0_ where ( personenti0_.status = 'Ativo')
Hibernate: select addresses0_.person_entity_id as person_e9_0_0_, addresses0_.id as id1_0_0_, addresses0_.id as id1_0_1_, addresses0_.cep as cep2_0_1_, addresses0_.city as city3_0_1_, addresses0_.main_address as main_add4_0_1_, addresses0_.neighborhood as neighbor5_0_1_, addresses0_.number as number6_0_1_, addresses0_.street as street7_0_1_, addresses0_.uf as uf8_0_1_ from address_entity addresses0_ where addresses0_.person_entity_id=?
Hibernate: select personenti0_.id as id1_1_0_, personenti0_.birthdate as birthdat2_1_0_, personenti0_.name as name3_1_0_, personenti0_.status as status4_1_0_ from person_entity personenti0_ where personenti0_.id=? and ( personenti0_.status = 'Ativo')
Hibernate: select addresses0_.person_entity_id as person_e9_0_0_, addresses0_.id as id1_0_0_, addresses0_.id as id1_0_1_, addresses0_.cep as cep2_0_1_, addresses0_.city as city3_0_1_, addresses0_.main_address as main_add4_0_1_, addresses0_.neighborhood as neighbor5_0_1_, addresses0_.number as number6_0_1_, addresses0_.street as street7_0_1_, addresses0_.uf as uf8_0_1_ from address_entity addresses0_ where addresses0_.person_entity_id=?

MockHttpServletRequest:
      HTTP Method = GET
      Request URI = /v1/person/8/address/
       Parameters = {}
          Headers = [Content-Type:"application/json;charset=UTF-8"]
             Body = null
    Session Attrs = {}

Handler:
             Type = camila.peopleregistration.controller.AddressController
           Method = camila.peopleregistration.controller.AddressController#getAddressesByPersonId(Long)

Async:
    Async started = false
     Async result = null

Resolved Exception:
             Type = null

ModelAndView:
        View name = null
             View = null
            Model = null

FlashMap:
       Attributes = null

MockHttpServletResponse:
           Status = 200
    Error message = null
          Headers = [Content-Type:"application/json"]
     Content type = application/json
             Body = [{"id":16,"cep":"94020070","number":"10","uf":"RS","mainAddress":true,"logradouro":"Rua JoÃ£o Dutra","bairro":"Salgado Filho","localidade":"Gravatai"}]
    Forwarded URL = null
   Redirected URL = null
          Cookies = []
Hibernate: select personenti0_.id as id1_1_, personenti0_.birthdate as birthdat2_1_, personenti0_.name as name3_1_, personenti0_.status as status4_1_ from person_entity personenti0_ where ( personenti0_.status = 'Ativo')
Hibernate: select addresses0_.person_entity_id as person_e9_0_0_, addresses0_.id as id1_0_0_, addresses0_.id as id1_0_1_, addresses0_.cep as cep2_0_1_, addresses0_.city as city3_0_1_, addresses0_.main_address as main_add4_0_1_, addresses0_.neighborhood as neighbor5_0_1_, addresses0_.number as number6_0_1_, addresses0_.street as street7_0_1_, addresses0_.uf as uf8_0_1_ from address_entity addresses0_ where addresses0_.person_entity_id=?
Hibernate: update address_entity set person_entity_id=null where person_entity_id=?
Hibernate: delete from address_entity where id=?
Hibernate: UPDATE PERSON_ENTITY SET status = 'Inativo' WHERE id = ?
Hibernate: select addressent0_.id as id1_0_, addressent0_.cep as cep2_0_, addressent0_.city as city3_0_, addressent0_.main_address as main_add4_0_, addressent0_.neighborhood as neighbor5_0_, addressent0_.number as number6_0_, addressent0_.street as street7_0_, addressent0_.uf as uf8_0_ from address_entity addressent0_
Hibernate: delete from address_entity where id=?
]]></system-out>
  <system-err><![CDATA[]]></system-err>
</testsuite>
