<?xml version="1.0" encoding="UTF-8"?>
<testsuite name="camila.peopleregistration.service.AddressServiceTest" tests="11" skipped="0" failures="0" errors="0" timestamp="2023-04-05T13:03:39" hostname="forttiori-Lenovo-ideapad-320-15IKB" time="0.138">
  <properties/>
  <testcase name="Deve deletar um endereço com sucesso" classname="camila.peopleregistration.service.AddressServiceTest" time="0.03"/>
  <testcase name="Deve lançar NotFoundException quando não achar uma pessoa pelo ID" classname="camila.peopleregistration.service.AddressServiceTest" time="0.011"/>
  <testcase name="Deve criar um novo endereço com sucesso" classname="camila.peopleregistration.service.AddressServiceTest" time="0.01"/>
  <testcase name="shouldfUpdateAddressByPersonId_Success()" classname="camila.peopleregistration.service.AddressServiceTest" time="0.007"/>
  <testcase name="Deve lançar NotFoundException quando tentar deletar pelo id inválido" classname="camila.peopleregistration.service.AddressServiceTest" time="0.01"/>
  <testcase name="Deve retornar endereços pelo id da pessoa" classname="camila.peopleregistration.service.AddressServiceTest" time="0.006"/>
  <testcase name="Deve lançar NotFoundException quando não achar um endereço pelo ID" classname="camila.peopleregistration.service.AddressServiceTest" time="0.009"/>
  <testcase name="Pesquisar CEP com sucesso" classname="camila.peopleregistration.service.AddressServiceTest" time="0.006"/>
  <testcase name="createNewAddress_PersonNotFound()" classname="camila.peopleregistration.service.AddressServiceTest" time="0.007"/>
  <testcase name="Deve lançar NotFoundException quando o CEP for vazio" classname="camila.peopleregistration.service.AddressServiceTest" time="0.005"/>
  <testcase name="Deve lançar NotFoundException quando não achar o ID" classname="camila.peopleregistration.service.AddressServiceTest" time="0.006"/>
  <system-out><![CDATA[2023-04-05 10:03:39.539  INFO 8201 --- [    Test worker] o.s.t.c.s.DefaultTestContextBootstrapper : Neither @ContextConfiguration nor @ContextHierarchy found for test class [camila.peopleregistration.service.AddressServiceTest], using DelegatingSmartContextLoader
2023-04-05 10:03:39.539  INFO 8201 --- [    Test worker] o.s.t.c.support.AbstractContextLoader    : Could not detect default resource locations for test class [camila.peopleregistration.service.AddressServiceTest]: no resource found for suffixes {-context.xml}.
2023-04-05 10:03:39.540  INFO 8201 --- [    Test worker] t.c.s.AnnotationConfigContextLoaderUtils : Could not detect default configuration classes for test class [camila.peopleregistration.service.AddressServiceTest]: AddressServiceTest does not declare any static, non-private, non-final, nested classes annotated with @Configuration.
2023-04-05 10:03:39.541  INFO 8201 --- [    Test worker] o.s.t.c.s.DefaultTestContextBootstrapper : Loaded default TestExecutionListener class names from location [META-INF/spring.factories]: [org.springframework.boot.test.autoconfigure.restdocs.RestDocsTestExecutionListener, org.springframework.boot.test.autoconfigure.web.client.MockRestServiceServerResetTestExecutionListener, org.springframework.boot.test.autoconfigure.web.servlet.MockMvcPrintOnlyOnFailureTestExecutionListener, org.springframework.boot.test.autoconfigure.web.servlet.WebDriverTestExecutionListener, org.springframework.boot.test.autoconfigure.webservices.client.MockWebServiceServerTestExecutionListener, org.springframework.boot.test.mock.mockito.MockitoTestExecutionListener, org.springframework.boot.test.mock.mockito.ResetMocksTestExecutionListener, org.springframework.test.context.web.ServletTestExecutionListener, org.springframework.test.context.support.DirtiesContextBeforeModesTestExecutionListener, org.springframework.test.context.event.ApplicationEventsTestExecutionListener, org.springframework.test.context.support.DependencyInjectionTestExecutionListener, org.springframework.test.context.support.DirtiesContextTestExecutionListener, org.springframework.test.context.transaction.TransactionalTestExecutionListener, org.springframework.test.context.jdbc.SqlScriptsTestExecutionListener, org.springframework.test.context.event.EventPublishingTestExecutionListener]
2023-04-05 10:03:39.542  INFO 8201 --- [    Test worker] o.s.t.c.s.DefaultTestContextBootstrapper : Using TestExecutionListeners: [org.springframework.test.context.web.ServletTestExecutionListener@28d43ed9, org.springframework.test.context.support.DirtiesContextBeforeModesTestExecutionListener@432dcb2c, org.springframework.test.context.event.ApplicationEventsTestExecutionListener@164adfeb, org.springframework.boot.test.mock.mockito.MockitoTestExecutionListener@bc986a2, org.springframework.test.context.support.DependencyInjectionTestExecutionListener@26243f4, org.springframework.test.context.support.DirtiesContextTestExecutionListener@2fbb9c3f, org.springframework.test.context.transaction.TransactionalTestExecutionListener@6fcebba4, org.springframework.test.context.jdbc.SqlScriptsTestExecutionListener@28f5dc69, org.springframework.test.context.event.EventPublishingTestExecutionListener@38985760, org.springframework.boot.test.autoconfigure.restdocs.RestDocsTestExecutionListener@4bb17e28, org.springframework.boot.test.autoconfigure.web.client.MockRestServiceServerResetTestExecutionListener@51b8ef61, org.springframework.boot.test.autoconfigure.web.servlet.MockMvcPrintOnlyOnFailureTestExecutionListener@57a877ab, org.springframework.boot.test.autoconfigure.web.servlet.WebDriverTestExecutionListener@2df11969, org.springframework.boot.test.autoconfigure.webservices.client.MockWebServiceServerTestExecutionListener@6df172c1, org.springframework.boot.test.mock.mockito.ResetMocksTestExecutionListener@7b244bf9]
]]></system-out>
  <system-err><![CDATA[]]></system-err>
</testsuite>
