<?xml version="1.0" encoding="UTF-8"?>
<testsuite name="camila.peopleregistration.exceptions.PersonMapperTest" tests="1" skipped="0" failures="0" errors="0" timestamp="2023-04-05T13:03:36" hostname="forttiori-Lenovo-ideapad-320-15IKB" time="0.007">
  <properties/>
  <testcase name="pessoaMapperTest_cannot_instantiate()" classname="camila.peopleregistration.exceptions.PersonMapperTest" time="0.007"/>
  <system-out><![CDATA[2023-04-05 10:03:35.401  INFO 8201 --- [    Test worker] .b.t.a.w.s.WebMvcTestContextBootstrapper : Neither @ContextConfiguration nor @ContextHierarchy found for test class [camila.peopleregistration.exceptions.PersonMapperTest], using SpringBootContextLoader
2023-04-05 10:03:35.402  INFO 8201 --- [    Test worker] o.s.t.c.support.AbstractContextLoader    : Could not detect default resource locations for test class [camila.peopleregistration.exceptions.PersonMapperTest]: no resource found for suffixes {-context.xml, Context.groovy}.
2023-04-05 10:03:35.403  INFO 8201 --- [    Test worker] t.c.s.AnnotationConfigContextLoaderUtils : Could not detect default configuration classes for test class [camila.peopleregistration.exceptions.PersonMapperTest]: PersonMapperTest does not declare any static, non-private, non-final, nested classes annotated with @Configuration.
2023-04-05 10:03:35.409  INFO 8201 --- [    Test worker] .b.t.c.SpringBootTestContextBootstrapper : Found @SpringBootConfiguration camila.peopleregistration.PeopleRegistrationApplication for test class camila.peopleregistration.exceptions.PersonMapperTest
2023-04-05 10:03:35.410  INFO 8201 --- [    Test worker] .b.t.a.w.s.WebMvcTestContextBootstrapper : Loaded default TestExecutionListener class names from location [META-INF/spring.factories]: [org.springframework.boot.test.autoconfigure.restdocs.RestDocsTestExecutionListener, org.springframework.boot.test.autoconfigure.web.client.MockRestServiceServerResetTestExecutionListener, org.springframework.boot.test.autoconfigure.web.servlet.MockMvcPrintOnlyOnFailureTestExecutionListener, org.springframework.boot.test.autoconfigure.web.servlet.WebDriverTestExecutionListener, org.springframework.boot.test.autoconfigure.webservices.client.MockWebServiceServerTestExecutionListener, org.springframework.boot.test.mock.mockito.MockitoTestExecutionListener, org.springframework.boot.test.mock.mockito.ResetMocksTestExecutionListener, org.springframework.test.context.web.ServletTestExecutionListener, org.springframework.test.context.support.DirtiesContextBeforeModesTestExecutionListener, org.springframework.test.context.event.ApplicationEventsTestExecutionListener, org.springframework.test.context.support.DependencyInjectionTestExecutionListener, org.springframework.test.context.support.DirtiesContextTestExecutionListener, org.springframework.test.context.transaction.TransactionalTestExecutionListener, org.springframework.test.context.jdbc.SqlScriptsTestExecutionListener, org.springframework.test.context.event.EventPublishingTestExecutionListener]
2023-04-05 10:03:35.411  INFO 8201 --- [    Test worker] .b.t.a.w.s.WebMvcTestContextBootstrapper : Using TestExecutionListeners: [org.springframework.test.context.web.ServletTestExecutionListener@69f9a4b, org.springframework.test.context.support.DirtiesContextBeforeModesTestExecutionListener@6b7fa253, org.springframework.test.context.event.ApplicationEventsTestExecutionListener@44c44a10, org.springframework.boot.test.mock.mockito.MockitoTestExecutionListener@16e74e21, org.springframework.boot.test.autoconfigure.SpringBootDependencyInjectionTestExecutionListener@6cd0d374, org.springframework.test.context.support.DirtiesContextTestExecutionListener@7a2b9987, org.springframework.test.context.transaction.TransactionalTestExecutionListener@1cd9c818, org.springframework.test.context.jdbc.SqlScriptsTestExecutionListener@30e31be4, org.springframework.test.context.event.EventPublishingTestExecutionListener@5ac235ff, org.springframework.boot.test.autoconfigure.restdocs.RestDocsTestExecutionListener@7c036881, org.springframework.boot.test.autoconfigure.web.client.MockRestServiceServerResetTestExecutionListener@2e48e611, org.springframework.boot.test.autoconfigure.web.servlet.MockMvcPrintOnlyOnFailureTestExecutionListener@6dce407, org.springframework.boot.test.autoconfigure.web.servlet.WebDriverTestExecutionListener@4d7a54ee, org.springframework.boot.test.autoconfigure.webservices.client.MockWebServiceServerTestExecutionListener@2ada7aa0, org.springframework.boot.test.mock.mockito.ResetMocksTestExecutionListener@43cb7984]

  .   ____          _            __ _ _
 /\\ / ___'_ __ _ _(_)_ __  __ _ \ \ \ \
( ( )\___ | '_ | '_| | '_ \/ _` | \ \ \ \
 \\/  ___)| |_)| | | | | || (_| |  ) ) ) )
  '  |____| .__|_| |_|_| |_\__, | / / / /
 =========|_|==============|___/=/_/_/_/
 :: Spring Boot ::                (v2.5.6)

2023-04-05 10:03:35.468  INFO 8201 --- [    Test worker] c.p.exceptions.PersonMapperTest          : Starting PersonMapperTest using Java 17.0.2 on forttiori-Lenovo-ideapad-320-15IKB with PID 8201 (started by forttiori in /home/forttiori/Documentos/people-registration)
2023-04-05 10:03:35.469  INFO 8201 --- [    Test worker] c.p.exceptions.PersonMapperTest          : The following profiles are active: test
2023-04-05 10:03:36.053  WARN 8201 --- [    Test worker] o.s.b.a.m.MustacheAutoConfiguration      : Cannot find template location: classpath:/templates/ (please add some templates, check your Mustache configuration, or set spring.mustache.check-template-location=false)
2023-04-05 10:03:36.140  INFO 8201 --- [    Test worker] o.s.b.t.m.w.SpringBootMockServletContext : Initializing Spring TestDispatcherServlet ''
2023-04-05 10:03:36.140  INFO 8201 --- [    Test worker] o.s.t.web.servlet.TestDispatcherServlet  : Initializing Servlet ''
2023-04-05 10:03:36.141  INFO 8201 --- [    Test worker] o.s.t.web.servlet.TestDispatcherServlet  : Completed initialization in 1 ms
2023-04-05 10:03:36.157  INFO 8201 --- [    Test worker] c.p.exceptions.PersonMapperTest          : Started PersonMapperTest in 0.742 seconds (JVM running for 41.762)
]]></system-out>
  <system-err><![CDATA[]]></system-err>
</testsuite>
