<?xml version="1.0" encoding="UTF-8"?>
<testsuite name="camila.peopleregistration.service.PersonServiceTest" tests="11" skipped="0" failures="0" errors="0" timestamp="2023-03-02T13:19:58" hostname="forttiori-Lenovo-ideapad-320-15IKB" time="0.058">
  <properties/>
  <testcase name="Deve atualizar uma pessoa" classname="camila.peopleregistration.service.PersonServiceTest" time="0.007"/>
  <testcase name="Deve lançar NotFoundException quando não encontrar uma pessoa para atualizar" classname="camila.peopleregistration.service.PersonServiceTest" time="0.005"/>
  <testcase name="Deve lancar NotFoundException quando nao encontrar uma pessoa" classname="camila.peopleregistration.service.PersonServiceTest" time="0.004"/>
  <testcase name="Deve mostrar uma pessoa" classname="camila.peopleregistration.service.PersonServiceTest" time="0.003"/>
  <testcase name="Deve lançar ConstraintViolationException quanto estiver faltando dados para salvar uma pessoa" classname="camila.peopleregistration.service.PersonServiceTest" time="0.003"/>
  <testcase name="Deve deletar todas as pessoas" classname="camila.peopleregistration.service.PersonServiceTest" time="0.002"/>
  <testcase name="Deve lancar NotFoundException quando nao encontrar uma pessoa para deletar" classname="camila.peopleregistration.service.PersonServiceTest" time="0.003"/>
  <testcase name="Deve mostrar todas as pessoas" classname="camila.peopleregistration.service.PersonServiceTest" time="0.003"/>
  <testcase name="Deve salvar uma pessoa" classname="camila.peopleregistration.service.PersonServiceTest" time="0.004"/>
  <testcase name="Deve lançar NullPointerException quanto estiver faltando dados para salvar uma pessoa" classname="camila.peopleregistration.service.PersonServiceTest" time="0.003"/>
  <testcase name="Deve deletar uma pessoa" classname="camila.peopleregistration.service.PersonServiceTest" time="0.005"/>
  <system-out><![CDATA[2023-03-02 10:19:58.848  INFO 17259 --- [    Test worker] o.s.t.c.s.DefaultTestContextBootstrapper : Neither @ContextConfiguration nor @ContextHierarchy found for test class [camila.peopleregistration.service.PersonServiceTest], using DelegatingSmartContextLoader
2023-03-02 10:19:58.849  INFO 17259 --- [    Test worker] o.s.t.c.support.AbstractContextLoader    : Could not detect default resource locations for test class [camila.peopleregistration.service.PersonServiceTest]: no resource found for suffixes {-context.xml}.
2023-03-02 10:19:58.849  INFO 17259 --- [    Test worker] t.c.s.AnnotationConfigContextLoaderUtils : Could not detect default configuration classes for test class [camila.peopleregistration.service.PersonServiceTest]: PersonServiceTest does not declare any static, non-private, non-final, nested classes annotated with @Configuration.
2023-03-02 10:19:58.850  INFO 17259 --- [    Test worker] o.s.t.c.s.DefaultTestContextBootstrapper : Loaded default TestExecutionListener class names from location [META-INF/spring.factories]: [org.springframework.boot.test.autoconfigure.restdocs.RestDocsTestExecutionListener, org.springframework.boot.test.autoconfigure.web.client.MockRestServiceServerResetTestExecutionListener, org.springframework.boot.test.autoconfigure.web.servlet.MockMvcPrintOnlyOnFailureTestExecutionListener, org.springframework.boot.test.autoconfigure.web.servlet.WebDriverTestExecutionListener, org.springframework.boot.test.autoconfigure.webservices.client.MockWebServiceServerTestExecutionListener, org.springframework.boot.test.mock.mockito.MockitoTestExecutionListener, org.springframework.boot.test.mock.mockito.ResetMocksTestExecutionListener, org.springframework.test.context.web.ServletTestExecutionListener, org.springframework.test.context.support.DirtiesContextBeforeModesTestExecutionListener, org.springframework.test.context.event.ApplicationEventsTestExecutionListener, org.springframework.test.context.support.DependencyInjectionTestExecutionListener, org.springframework.test.context.support.DirtiesContextTestExecutionListener, org.springframework.test.context.transaction.TransactionalTestExecutionListener, org.springframework.test.context.jdbc.SqlScriptsTestExecutionListener, org.springframework.test.context.event.EventPublishingTestExecutionListener]
2023-03-02 10:19:58.850  INFO 17259 --- [    Test worker] o.s.t.c.s.DefaultTestContextBootstrapper : Using TestExecutionListeners: [org.springframework.test.context.web.ServletTestExecutionListener@1cdb03f9, org.springframework.test.context.support.DirtiesContextBeforeModesTestExecutionListener@4e50d42b, org.springframework.test.context.event.ApplicationEventsTestExecutionListener@76cc7346, org.springframework.boot.test.mock.mockito.MockitoTestExecutionListener@54e71fd2, org.springframework.test.context.support.DependencyInjectionTestExecutionListener@10670a7c, org.springframework.test.context.support.DirtiesContextTestExecutionListener@585e65d7, org.springframework.test.context.transaction.TransactionalTestExecutionListener@4d1d7bd9, org.springframework.test.context.jdbc.SqlScriptsTestExecutionListener@21e8e427, org.springframework.test.context.event.EventPublishingTestExecutionListener@9742e8c, org.springframework.boot.test.autoconfigure.restdocs.RestDocsTestExecutionListener@22af82a8, org.springframework.boot.test.autoconfigure.web.client.MockRestServiceServerResetTestExecutionListener@4cae697, org.springframework.boot.test.autoconfigure.web.servlet.MockMvcPrintOnlyOnFailureTestExecutionListener@62e5f3f5, org.springframework.boot.test.autoconfigure.web.servlet.WebDriverTestExecutionListener@4a4da16b, org.springframework.boot.test.autoconfigure.webservices.client.MockWebServiceServerTestExecutionListener@1429d048, org.springframework.boot.test.mock.mockito.ResetMocksTestExecutionListener@47846204]
]]></system-out>
  <system-err><![CDATA[]]></system-err>
</testsuite>
