<?xml version="1.0" encoding="UTF-8"?>
<testsuite name="camila.peopleregistration.service.PersonServiceTest" tests="11" skipped="0" failures="1" errors="0" timestamp="2023-04-05T13:03:39" hostname="forttiori-Lenovo-ideapad-320-15IKB" time="0.158">
  <properties/>
  <testcase name="Deve atualizar uma pessoa" classname="camila.peopleregistration.service.PersonServiceTest" time="0.016"/>
  <testcase name="Deve lançar NotFoundException quando não encontrar uma pessoa para atualizar" classname="camila.peopleregistration.service.PersonServiceTest" time="0.008"/>
  <testcase name="Deve lancar NotFoundException quando nao encontrar uma pessoa" classname="camila.peopleregistration.service.PersonServiceTest" time="0.011"/>
  <testcase name="Deve mostrar uma pessoa" classname="camila.peopleregistration.service.PersonServiceTest" time="0.004"/>
  <testcase name="Deve lançar ConstraintViolationException quanto estiver faltando dados para salvar uma pessoa" classname="camila.peopleregistration.service.PersonServiceTest" time="0.007"/>
  <testcase name="Deve deletar todas as pessoas" classname="camila.peopleregistration.service.PersonServiceTest" time="0.004"/>
  <testcase name="Deve lancar NotFoundException quando nao encontrar uma pessoa para deletar" classname="camila.peopleregistration.service.PersonServiceTest" time="0.004"/>
  <testcase name="Deve mostrar todas as pessoas" classname="camila.peopleregistration.service.PersonServiceTest" time="0.027">
    <failure message="org.opentest4j.AssertionFailedError: expected: java.util.ImmutableCollections$List12@3cfa94a9&lt;[PersonResponse(id=null, name=Camila, birthdate=Wed Apr 05 10:03:40 BRT 2023, addresses=[AddressEntity(id=null, cep=94020070, street=Rua João Dutra, number=10, neighborhood=Salgado Filho, city=Gravatai, uf=RS, mainAddress=true)]), PersonResponse(id=null, name=Camila, birthdate=Wed Apr 05 10:03:40 BRT 2023, addresses=[AddressEntity(id=null, cep=94020070, street=Rua João Dutra, number=10, neighborhood=Salgado Filho, city=Gravatai, uf=RS, mainAddress=true)])]&gt; but was: java.util.ArrayList@7a356352&lt;[PersonResponse(id=null, name=Camila, birthdate=Wed Apr 05 10:03:40 BRT 2023, addresses=[AddressEntity(id=null, cep=94020070, street=Rua João Dutra, number=10, neighborhood=Salgado Filho, city=Gravatai, uf=RS, mainAddress=true)]), PersonResponse(id=null, name=Camila, birthdate=Wed Apr 05 10:03:40 BRT 2023, addresses=[AddressEntity(id=null, cep=94020070, street=Rua João Dutra, number=10, neighborhood=Salgado Filho, city=Gravatai, uf=RS, mainAddress=true)])]&gt;" type="org.opentest4j.AssertionFailedError">org.opentest4j.AssertionFailedError: expected: java.util.ImmutableCollections$List12@3cfa94a9&lt;[PersonResponse(id=null, name=Camila, birthdate=Wed Apr 05 10:03:40 BRT 2023, addresses=[AddressEntity(id=null, cep=94020070, street=Rua João Dutra, number=10, neighborhood=Salgado Filho, city=Gravatai, uf=RS, mainAddress=true)]), PersonResponse(id=null, name=Camila, birthdate=Wed Apr 05 10:03:40 BRT 2023, addresses=[AddressEntity(id=null, cep=94020070, street=Rua João Dutra, number=10, neighborhood=Salgado Filho, city=Gravatai, uf=RS, mainAddress=true)])]&gt; but was: java.util.ArrayList@7a356352&lt;[PersonResponse(id=null, name=Camila, birthdate=Wed Apr 05 10:03:40 BRT 2023, addresses=[AddressEntity(id=null, cep=94020070, street=Rua João Dutra, number=10, neighborhood=Salgado Filho, city=Gravatai, uf=RS, mainAddress=true)]), PersonResponse(id=null, name=Camila, birthdate=Wed Apr 05 10:03:40 BRT 2023, addresses=[AddressEntity(id=null, cep=94020070, street=Rua João Dutra, number=10, neighborhood=Salgado Filho, city=Gravatai, uf=RS, mainAddress=true)])]&gt;
	at app//org.junit.jupiter.api.AssertionUtils.fail(AssertionUtils.java:55)
	at app//org.junit.jupiter.api.AssertionUtils.failNotEqual(AssertionUtils.java:62)
	at app//org.junit.jupiter.api.AssertEquals.assertEquals(AssertEquals.java:182)
	at app//org.junit.jupiter.api.AssertEquals.assertEquals(AssertEquals.java:177)
	at app//org.junit.jupiter.api.Assertions.assertEquals(Assertions.java:1124)
	at app//camila.peopleregistration.service.PersonServiceTest.findAll_WithSuccess(PersonServiceTest.java:56)
	at java.base@17.0.2/jdk.internal.reflect.NativeMethodAccessorImpl.invoke0(Native Method)
	at java.base@17.0.2/jdk.internal.reflect.NativeMethodAccessorImpl.invoke(NativeMethodAccessorImpl.java:77)
	at java.base@17.0.2/jdk.internal.reflect.DelegatingMethodAccessorImpl.invoke(DelegatingMethodAccessorImpl.java:43)
	at java.base@17.0.2/java.lang.reflect.Method.invoke(Method.java:568)
	at app//org.junit.platform.commons.util.ReflectionUtils.invokeMethod(ReflectionUtils.java:688)
	at app//org.junit.jupiter.engine.execution.MethodInvocation.proceed(MethodInvocation.java:60)
	at app//org.junit.jupiter.engine.execution.InvocationInterceptorChain$ValidatingInvocation.proceed(InvocationInterceptorChain.java:131)
	at app//org.junit.jupiter.engine.extension.TimeoutExtension.intercept(TimeoutExtension.java:149)
	at app//org.junit.jupiter.engine.extension.TimeoutExtension.interceptTestableMethod(TimeoutExtension.java:140)
	at app//org.junit.jupiter.engine.extension.TimeoutExtension.interceptTestMethod(TimeoutExtension.java:84)
	at app//org.junit.jupiter.engine.execution.ExecutableInvoker$ReflectiveInterceptorCall.lambda$ofVoidMethod$0(ExecutableInvoker.java:115)
	at app//org.junit.jupiter.engine.execution.ExecutableInvoker.lambda$invoke$0(ExecutableInvoker.java:105)
	at app//org.junit.jupiter.engine.execution.InvocationInterceptorChain$InterceptedInvocation.proceed(InvocationInterceptorChain.java:106)
	at app//org.junit.jupiter.engine.execution.InvocationInterceptorChain.proceed(InvocationInterceptorChain.java:64)
	at app//org.junit.jupiter.engine.execution.InvocationInterceptorChain.chainAndInvoke(InvocationInterceptorChain.java:45)
	at app//org.junit.jupiter.engine.execution.InvocationInterceptorChain.invoke(InvocationInterceptorChain.java:37)
	at app//org.junit.jupiter.engine.execution.ExecutableInvoker.invoke(ExecutableInvoker.java:104)
	at app//org.junit.jupiter.engine.execution.ExecutableInvoker.invoke(ExecutableInvoker.java:98)
	at app//org.junit.jupiter.engine.descriptor.TestMethodTestDescriptor.lambda$invokeTestMethod$6(TestMethodTestDescriptor.java:210)
	at app//org.junit.platform.engine.support.hierarchical.ThrowableCollector.execute(ThrowableCollector.java:73)
	at app//org.junit.jupiter.engine.descriptor.TestMethodTestDescriptor.invokeTestMethod(TestMethodTestDescriptor.java:206)
	at app//org.junit.jupiter.engine.descriptor.TestMethodTestDescriptor.execute(TestMethodTestDescriptor.java:131)
	at app//org.junit.jupiter.engine.descriptor.TestMethodTestDescriptor.execute(TestMethodTestDescriptor.java:65)
	at app//org.junit.platform.engine.support.hierarchical.NodeTestTask.lambda$executeRecursively$5(NodeTestTask.java:139)
	at app//org.junit.platform.engine.support.hierarchical.ThrowableCollector.execute(ThrowableCollector.java:73)
	at app//org.junit.platform.engine.support.hierarchical.NodeTestTask.lambda$executeRecursively$7(NodeTestTask.java:129)
	at app//org.junit.platform.engine.support.hierarchical.Node.around(Node.java:137)
	at app//org.junit.platform.engine.support.hierarchical.NodeTestTask.lambda$executeRecursively$8(NodeTestTask.java:127)
	at app//org.junit.platform.engine.support.hierarchical.ThrowableCollector.execute(ThrowableCollector.java:73)
	at app//org.junit.platform.engine.support.hierarchical.NodeTestTask.executeRecursively(NodeTestTask.java:126)
	at app//org.junit.platform.engine.support.hierarchical.NodeTestTask.execute(NodeTestTask.java:84)
	at java.base@17.0.2/java.util.ArrayList.forEach(ArrayList.java:1511)
	at app//org.junit.platform.engine.support.hierarchical.SameThreadHierarchicalTestExecutorService.invokeAll(SameThreadHierarchicalTestExecutorService.java:38)
	at app//org.junit.platform.engine.support.hierarchical.NodeTestTask.lambda$executeRecursively$5(NodeTestTask.java:143)
	at app//org.junit.platform.engine.support.hierarchical.ThrowableCollector.execute(ThrowableCollector.java:73)
	at app//org.junit.platform.engine.support.hierarchical.NodeTestTask.lambda$executeRecursively$7(NodeTestTask.java:129)
	at app//org.junit.platform.engine.support.hierarchical.Node.around(Node.java:137)
	at app//org.junit.platform.engine.support.hierarchical.NodeTestTask.lambda$executeRecursively$8(NodeTestTask.java:127)
	at app//org.junit.platform.engine.support.hierarchical.ThrowableCollector.execute(ThrowableCollector.java:73)
	at app//org.junit.platform.engine.support.hierarchical.NodeTestTask.executeRecursively(NodeTestTask.java:126)
	at app//org.junit.platform.engine.support.hierarchical.NodeTestTask.execute(NodeTestTask.java:84)
	at java.base@17.0.2/java.util.ArrayList.forEach(ArrayList.java:1511)
	at app//org.junit.platform.engine.support.hierarchical.SameThreadHierarchicalTestExecutorService.invokeAll(SameThreadHierarchicalTestExecutorService.java:38)
	at app//org.junit.platform.engine.support.hierarchical.NodeTestTask.lambda$executeRecursively$5(NodeTestTask.java:143)
	at app//org.junit.platform.engine.support.hierarchical.ThrowableCollector.execute(ThrowableCollector.java:73)
	at app//org.junit.platform.engine.support.hierarchical.NodeTestTask.lambda$executeRecursively$7(NodeTestTask.java:129)
	at app//org.junit.platform.engine.support.hierarchical.Node.around(Node.java:137)
	at app//org.junit.platform.engine.support.hierarchical.NodeTestTask.lambda$executeRecursively$8(NodeTestTask.java:127)
	at app//org.junit.platform.engine.support.hierarchical.ThrowableCollector.execute(ThrowableCollector.java:73)
	at app//org.junit.platform.engine.support.hierarchical.NodeTestTask.executeRecursively(NodeTestTask.java:126)
	at app//org.junit.platform.engine.support.hierarchical.NodeTestTask.execute(NodeTestTask.java:84)
	at app//org.junit.platform.engine.support.hierarchical.SameThreadHierarchicalTestExecutorService.submit(SameThreadHierarchicalTestExecutorService.java:32)
	at app//org.junit.platform.engine.support.hierarchical.HierarchicalTestExecutor.execute(HierarchicalTestExecutor.java:57)
	at app//org.junit.platform.engine.support.hierarchical.HierarchicalTestEngine.execute(HierarchicalTestEngine.java:51)
	at org.junit.platform.launcher.core.EngineExecutionOrchestrator.execute(EngineExecutionOrchestrator.java:108)
	at org.junit.platform.launcher.core.EngineExecutionOrchestrator.execute(EngineExecutionOrchestrator.java:88)
	at org.junit.platform.launcher.core.EngineExecutionOrchestrator.lambda$execute$0(EngineExecutionOrchestrator.java:54)
	at org.junit.platform.launcher.core.EngineExecutionOrchestrator.withInterceptedStreams(EngineExecutionOrchestrator.java:67)
	at org.junit.platform.launcher.core.EngineExecutionOrchestrator.execute(EngineExecutionOrchestrator.java:52)
	at org.junit.platform.launcher.core.DefaultLauncher.execute(DefaultLauncher.java:96)
	at org.junit.platform.launcher.core.DefaultLauncher.execute(DefaultLauncher.java:75)
	at org.gradle.api.internal.tasks.testing.junitplatform.JUnitPlatformTestClassProcessor$CollectAllTestClassesExecutor.processAllTestClasses(JUnitPlatformTestClassProcessor.java:99)
	at org.gradle.api.internal.tasks.testing.junitplatform.JUnitPlatformTestClassProcessor$CollectAllTestClassesExecutor.access$000(JUnitPlatformTestClassProcessor.java:79)
	at org.gradle.api.internal.tasks.testing.junitplatform.JUnitPlatformTestClassProcessor.stop(JUnitPlatformTestClassProcessor.java:75)
	at org.gradle.api.internal.tasks.testing.SuiteTestClassProcessor.stop(SuiteTestClassProcessor.java:61)
	at java.base@17.0.2/jdk.internal.reflect.NativeMethodAccessorImpl.invoke0(Native Method)
	at java.base@17.0.2/jdk.internal.reflect.NativeMethodAccessorImpl.invoke(NativeMethodAccessorImpl.java:77)
	at java.base@17.0.2/jdk.internal.reflect.DelegatingMethodAccessorImpl.invoke(DelegatingMethodAccessorImpl.java:43)
	at java.base@17.0.2/java.lang.reflect.Method.invoke(Method.java:568)
	at org.gradle.internal.dispatch.ReflectionDispatch.dispatch(ReflectionDispatch.java:36)
	at org.gradle.internal.dispatch.ReflectionDispatch.dispatch(ReflectionDispatch.java:24)
	at org.gradle.internal.dispatch.ContextClassLoaderDispatch.dispatch(ContextClassLoaderDispatch.java:33)
	at org.gradle.internal.dispatch.ProxyDispatchAdapter$DispatchingInvocationHandler.invoke(ProxyDispatchAdapter.java:94)
	at jdk.proxy2/jdk.proxy2.$Proxy5.stop(Unknown Source)
	at org.gradle.api.internal.tasks.testing.worker.TestWorker$3.run(TestWorker.java:193)
	at org.gradle.api.internal.tasks.testing.worker.TestWorker.executeAndMaintainThreadName(TestWorker.java:129)
	at org.gradle.api.internal.tasks.testing.worker.TestWorker.execute(TestWorker.java:100)
	at org.gradle.api.internal.tasks.testing.worker.TestWorker.execute(TestWorker.java:60)
	at org.gradle.process.internal.worker.child.ActionExecutionWorker.execute(ActionExecutionWorker.java:56)
	at org.gradle.process.internal.worker.child.SystemApplicationClassLoaderWorker.call(SystemApplicationClassLoaderWorker.java:133)
	at org.gradle.process.internal.worker.child.SystemApplicationClassLoaderWorker.call(SystemApplicationClassLoaderWorker.java:71)
	at app//worker.org.gradle.process.internal.worker.GradleWorkerMain.run(GradleWorkerMain.java:69)
	at app//worker.org.gradle.process.internal.worker.GradleWorkerMain.main(GradleWorkerMain.java:74)
</failure>
  </testcase>
  <testcase name="Deve salvar uma pessoa" classname="camila.peopleregistration.service.PersonServiceTest" time="0.015"/>
  <testcase name="Deve lançar NullPointerException quanto estiver faltando dados para salvar uma pessoa" classname="camila.peopleregistration.service.PersonServiceTest" time="0.03"/>
  <testcase name="Deve deletar uma pessoa" classname="camila.peopleregistration.service.PersonServiceTest" time="0.005"/>
  <system-out><![CDATA[2023-04-05 10:03:39.867  INFO 8201 --- [    Test worker] o.s.t.c.s.DefaultTestContextBootstrapper : Neither @ContextConfiguration nor @ContextHierarchy found for test class [camila.peopleregistration.service.PersonServiceTest], using DelegatingSmartContextLoader
2023-04-05 10:03:39.868  INFO 8201 --- [    Test worker] o.s.t.c.support.AbstractContextLoader    : Could not detect default resource locations for test class [camila.peopleregistration.service.PersonServiceTest]: no resource found for suffixes {-context.xml}.
2023-04-05 10:03:39.869  INFO 8201 --- [    Test worker] t.c.s.AnnotationConfigContextLoaderUtils : Could not detect default configuration classes for test class [camila.peopleregistration.service.PersonServiceTest]: PersonServiceTest does not declare any static, non-private, non-final, nested classes annotated with @Configuration.
2023-04-05 10:03:39.870  INFO 8201 --- [    Test worker] o.s.t.c.s.DefaultTestContextBootstrapper : Loaded default TestExecutionListener class names from location [META-INF/spring.factories]: [org.springframework.boot.test.autoconfigure.restdocs.RestDocsTestExecutionListener, org.springframework.boot.test.autoconfigure.web.client.MockRestServiceServerResetTestExecutionListener, org.springframework.boot.test.autoconfigure.web.servlet.MockMvcPrintOnlyOnFailureTestExecutionListener, org.springframework.boot.test.autoconfigure.web.servlet.WebDriverTestExecutionListener, org.springframework.boot.test.autoconfigure.webservices.client.MockWebServiceServerTestExecutionListener, org.springframework.boot.test.mock.mockito.MockitoTestExecutionListener, org.springframework.boot.test.mock.mockito.ResetMocksTestExecutionListener, org.springframework.test.context.web.ServletTestExecutionListener, org.springframework.test.context.support.DirtiesContextBeforeModesTestExecutionListener, org.springframework.test.context.event.ApplicationEventsTestExecutionListener, org.springframework.test.context.support.DependencyInjectionTestExecutionListener, org.springframework.test.context.support.DirtiesContextTestExecutionListener, org.springframework.test.context.transaction.TransactionalTestExecutionListener, org.springframework.test.context.jdbc.SqlScriptsTestExecutionListener, org.springframework.test.context.event.EventPublishingTestExecutionListener]
2023-04-05 10:03:39.872  INFO 8201 --- [    Test worker] o.s.t.c.s.DefaultTestContextBootstrapper : Using TestExecutionListeners: [org.springframework.test.context.web.ServletTestExecutionListener@7a004d47, org.springframework.test.context.support.DirtiesContextBeforeModesTestExecutionListener@6d4476e0, org.springframework.test.context.event.ApplicationEventsTestExecutionListener@5e3b83e8, org.springframework.boot.test.mock.mockito.MockitoTestExecutionListener@2810f4b5, org.springframework.test.context.support.DependencyInjectionTestExecutionListener@5002fe85, org.springframework.test.context.support.DirtiesContextTestExecutionListener@1e3f6113, org.springframework.test.context.transaction.TransactionalTestExecutionListener@1c1985ff, org.springframework.test.context.jdbc.SqlScriptsTestExecutionListener@33836f95, org.springframework.test.context.event.EventPublishingTestExecutionListener@74b249b6, org.springframework.boot.test.autoconfigure.restdocs.RestDocsTestExecutionListener@116099ca, org.springframework.boot.test.autoconfigure.web.client.MockRestServiceServerResetTestExecutionListener@4186d064, org.springframework.boot.test.autoconfigure.web.servlet.MockMvcPrintOnlyOnFailureTestExecutionListener@6951f006, org.springframework.boot.test.autoconfigure.web.servlet.WebDriverTestExecutionListener@fc8eb63, org.springframework.boot.test.autoconfigure.webservices.client.MockWebServiceServerTestExecutionListener@1a739d99, org.springframework.boot.test.mock.mockito.ResetMocksTestExecutionListener@6d817b43]
]]></system-out>
  <system-err><![CDATA[]]></system-err>
</testsuite>
