<?xml version="1.0" encoding="UTF-8"?>
<testsuite name="camila.peopleregistration.PeopleRegistrationApplicationTests" tests="1" skipped="0" failures="0" errors="0" timestamp="2023-04-05T13:03:18" hostname="forttiori-Lenovo-ideapad-320-15IKB" time="4.966">
  <properties/>
  <testcase name="main()" classname="camila.peopleregistration.PeopleRegistrationApplicationTests" time="4.966"/>
  <system-out><![CDATA[10:02:57.347 [Test worker] DEBUG org.springframework.test.context.BootstrapUtils - Instantiating CacheAwareContextLoaderDelegate from class [org.springframework.test.context.cache.DefaultCacheAwareContextLoaderDelegate]
10:02:57.398 [Test worker] DEBUG org.springframework.test.context.BootstrapUtils - Instantiating BootstrapContext using constructor [public org.springframework.test.context.support.DefaultBootstrapContext(java.lang.Class,org.springframework.test.context.CacheAwareContextLoaderDelegate)]
10:02:57.535 [Test worker] DEBUG org.springframework.test.context.BootstrapUtils - Instantiating TestContextBootstrapper for test class [camila.peopleregistration.PeopleRegistrationApplicationTests] from class [org.springframework.boot.test.context.SpringBootTestContextBootstrapper]
10:02:57.564 [Test worker] INFO org.springframework.boot.test.context.SpringBootTestContextBootstrapper - Neither @ContextConfiguration nor @ContextHierarchy found for test class [camila.peopleregistration.PeopleRegistrationApplicationTests], using SpringBootContextLoader
10:02:57.589 [Test worker] DEBUG org.springframework.test.context.support.AbstractContextLoader - Did not detect default resource location for test class [camila.peopleregistration.PeopleRegistrationApplicationTests]: class path resource [camila/peopleregistration/PeopleRegistrationApplicationTests-context.xml] does not exist
10:02:57.592 [Test worker] DEBUG org.springframework.test.context.support.AbstractContextLoader - Did not detect default resource location for test class [camila.peopleregistration.PeopleRegistrationApplicationTests]: class path resource [camila/peopleregistration/PeopleRegistrationApplicationTestsContext.groovy] does not exist
10:02:57.593 [Test worker] INFO org.springframework.test.context.support.AbstractContextLoader - Could not detect default resource locations for test class [camila.peopleregistration.PeopleRegistrationApplicationTests]: no resource found for suffixes {-context.xml, Context.groovy}.
10:02:57.596 [Test worker] INFO org.springframework.test.context.support.AnnotationConfigContextLoaderUtils - Could not detect default configuration classes for test class [camila.peopleregistration.PeopleRegistrationApplicationTests]: PeopleRegistrationApplicationTests does not declare any static, non-private, non-final, nested classes annotated with @Configuration.
10:02:57.732 [Test worker] DEBUG org.springframework.test.context.support.ActiveProfilesUtils - Could not find an 'annotation declaring class' for annotation type [org.springframework.test.context.ActiveProfiles] and class [camila.peopleregistration.PeopleRegistrationApplicationTests]
10:02:57.935 [Test worker] DEBUG org.springframework.context.annotation.ClassPathScanningCandidateComponentProvider - Identified candidate component class: file [/home/forttiori/Documentos/people-registration/build/classes/java/main/camila/peopleregistration/PeopleRegistrationApplication.class]
10:02:57.945 [Test worker] INFO org.springframework.boot.test.context.SpringBootTestContextBootstrapper - Found @SpringBootConfiguration camila.peopleregistration.PeopleRegistrationApplication for test class camila.peopleregistration.PeopleRegistrationApplicationTests
10:02:58.432 [Test worker] DEBUG org.springframework.boot.test.context.SpringBootTestContextBootstrapper - @TestExecutionListeners is not present for class [camila.peopleregistration.PeopleRegistrationApplicationTests]: using defaults.
10:02:58.434 [Test worker] INFO org.springframework.boot.test.context.SpringBootTestContextBootstrapper - Loaded default TestExecutionListener class names from location [META-INF/spring.factories]: [org.springframework.boot.test.autoconfigure.restdocs.RestDocsTestExecutionListener, org.springframework.boot.test.autoconfigure.web.client.MockRestServiceServerResetTestExecutionListener, org.springframework.boot.test.autoconfigure.web.servlet.MockMvcPrintOnlyOnFailureTestExecutionListener, org.springframework.boot.test.autoconfigure.web.servlet.WebDriverTestExecutionListener, org.springframework.boot.test.autoconfigure.webservices.client.MockWebServiceServerTestExecutionListener, org.springframework.boot.test.mock.mockito.MockitoTestExecutionListener, org.springframework.boot.test.mock.mockito.ResetMocksTestExecutionListener, org.springframework.test.context.web.ServletTestExecutionListener, org.springframework.test.context.support.DirtiesContextBeforeModesTestExecutionListener, org.springframework.test.context.event.ApplicationEventsTestExecutionListener, org.springframework.test.context.support.DependencyInjectionTestExecutionListener, org.springframework.test.context.support.DirtiesContextTestExecutionListener, org.springframework.test.context.transaction.TransactionalTestExecutionListener, org.springframework.test.context.jdbc.SqlScriptsTestExecutionListener, org.springframework.test.context.event.EventPublishingTestExecutionListener]
10:02:58.530 [Test worker] INFO org.springframework.boot.test.context.SpringBootTestContextBootstrapper - Using TestExecutionListeners: [org.springframework.test.context.web.ServletTestExecutionListener@3d20e575, org.springframework.test.context.support.DirtiesContextBeforeModesTestExecutionListener@3252747e, org.springframework.test.context.event.ApplicationEventsTestExecutionListener@2b4b96a4, org.springframework.boot.test.mock.mockito.MockitoTestExecutionListener@2dd8ff1d, org.springframework.boot.test.autoconfigure.SpringBootDependencyInjectionTestExecutionListener@17e9bc9e, org.springframework.test.context.support.DirtiesContextTestExecutionListener@36b9cb99, org.springframework.test.context.transaction.TransactionalTestExecutionListener@4130955c, org.springframework.test.context.jdbc.SqlScriptsTestExecutionListener@2bfaba70, org.springframework.test.context.event.EventPublishingTestExecutionListener@71adfedd, org.springframework.boot.test.autoconfigure.restdocs.RestDocsTestExecutionListener@9301672, org.springframework.boot.test.autoconfigure.web.client.MockRestServiceServerResetTestExecutionListener@4ceff87d, org.springframework.boot.test.autoconfigure.web.servlet.MockMvcPrintOnlyOnFailureTestExecutionListener@3238e2aa, org.springframework.boot.test.autoconfigure.web.servlet.WebDriverTestExecutionListener@2c7db926, org.springframework.boot.test.autoconfigure.webservices.client.MockWebServiceServerTestExecutionListener@2577a95d, org.springframework.boot.test.mock.mockito.ResetMocksTestExecutionListener@1668919e]
10:02:58.540 [Test worker] DEBUG org.springframework.test.context.support.AbstractDirtiesContextTestExecutionListener - Before test class: context [DefaultTestContext@798256c5 testClass = PeopleRegistrationApplicationTests, testInstance = [null], testMethod = [null], testException = [null], mergedContextConfiguration = [WebMergedContextConfiguration@7ec95456 testClass = PeopleRegistrationApplicationTests, locations = '{}', classes = '{class camila.peopleregistration.PeopleRegistrationApplication}', contextInitializerClasses = '[]', activeProfiles = '{}', propertySourceLocations = '{}', propertySourceProperties = '{org.springframework.boot.test.context.SpringBootTestContextBootstrapper=true}', contextCustomizers = set[org.springframework.boot.test.autoconfigure.actuate.metrics.MetricsExportContextCustomizerFactory$DisableMetricExportContextCustomizer@27ace0b1, org.springframework.boot.test.autoconfigure.properties.PropertyMappingContextCustomizer@0, org.springframework.boot.test.autoconfigure.web.servlet.WebDriverContextCustomizerFactory$Customizer@15f8701f, org.springframework.boot.test.context.filter.ExcludeFilterContextCustomizer@39e43310, org.springframework.boot.test.json.DuplicateJsonObjectContextCustomizerFactory$DuplicateJsonObjectContextCustomizer@186cb891, org.springframework.boot.test.mock.mockito.MockitoContextCustomizer@0, org.springframework.boot.test.web.client.TestRestTemplateContextCustomizer@451882b2, org.springframework.boot.test.context.SpringBootTestArgs@1, org.springframework.boot.test.context.SpringBootTestWebEnvironment@150ab4ed], resourceBasePath = 'src/main/webapp', contextLoader = 'org.springframework.boot.test.context.SpringBootContextLoader', parent = [null]], attributes = map['org.springframework.test.context.web.ServletTestExecutionListener.activateListener' -> true]], class annotated with @DirtiesContext [false] with mode [null].
10:02:58.672 [Test worker] DEBUG org.springframework.test.context.support.TestPropertySourceUtils - Adding inlined properties to environment: {spring.jmx.enabled=false, org.springframework.boot.test.context.SpringBootTestContextBootstrapper=true}

  .   ____          _            __ _ _
 /\\ / ___'_ __ _ _(_)_ __  __ _ \ \ \ \
( ( )\___ | '_ | '_| | '_ \/ _` | \ \ \ \
 \\/  ___)| |_)| | | | | || (_| |  ) ) ) )
  '  |____| .__|_| |_|_| |_\__, | / / / /
 =========|_|==============|___/=/_/_/_/
 :: Spring Boot ::                (v2.5.6)

2023-04-05 10:02:59.576  INFO 8201 --- [    Test worker] c.p.PeopleRegistrationApplicationTests   : Starting PeopleRegistrationApplicationTests using Java 17.0.2 on forttiori-Lenovo-ideapad-320-15IKB with PID 8201 (started by forttiori in /home/forttiori/Documentos/people-registration)
2023-04-05 10:02:59.586  INFO 8201 --- [    Test worker] c.p.PeopleRegistrationApplicationTests   : No active profile set, falling back to default profiles: default
2023-04-05 10:03:03.379  INFO 8201 --- [    Test worker] .s.d.r.c.RepositoryConfigurationDelegate : Bootstrapping Spring Data JPA repositories in DEFAULT mode.
2023-04-05 10:03:03.791  INFO 8201 --- [    Test worker] .s.d.r.c.RepositoryConfigurationDelegate : Finished Spring Data repository scanning in 397 ms. Found 2 JPA repository interfaces.
2023-04-05 10:03:04.933  INFO 8201 --- [    Test worker] trationDelegate$BeanPostProcessorChecker : Bean 'org.springframework.ws.config.annotation.DelegatingWsConfiguration' of type [org.springframework.ws.config.annotation.DelegatingWsConfiguration$$EnhancerBySpringCGLIB$$b5a92eff] is not eligible for getting processed by all BeanPostProcessors (for example: not eligible for auto-proxying)
2023-04-05 10:03:05.079  INFO 8201 --- [    Test worker] .w.s.a.s.AnnotationActionEndpointMapping : Supporting [WS-Addressing August 2004, WS-Addressing 1.0]
2023-04-05 10:03:05.625  INFO 8201 --- [    Test worker] com.zaxxer.hikari.HikariDataSource       : HikariPool-1 - Starting...
2023-04-05 10:03:06.249  INFO 8201 --- [    Test worker] com.zaxxer.hikari.HikariDataSource       : HikariPool-1 - Start completed.
2023-04-05 10:03:06.493  INFO 8201 --- [    Test worker] o.hibernate.jpa.internal.util.LogHelper  : HHH000204: Processing PersistenceUnitInfo [name: default]
2023-04-05 10:03:06.717  INFO 8201 --- [    Test worker] org.hibernate.Version                    : HHH000412: Hibernate ORM core version 5.4.32.Final
2023-04-05 10:03:07.143  INFO 8201 --- [    Test worker] o.hibernate.annotations.common.Version   : HCANN000001: Hibernate Commons Annotations {5.1.2.Final}
2023-04-05 10:03:07.678  INFO 8201 --- [    Test worker] org.hibernate.dialect.Dialect            : HHH000400: Using dialect: org.hibernate.dialect.H2Dialect
Hibernate: drop table if exists address_entity CASCADE 
Hibernate: drop table if exists person_entity CASCADE 
Hibernate: create table address_entity (id bigint generated by default as identity, cep varchar(10) not null, city varchar(100) not null, main_address boolean not null, neighborhood varchar(100) not null, number varchar(10) not null, street varchar(100) not null, uf varchar(2) not null, person_entity_id bigint, primary key (id))
Hibernate: create table person_entity (id bigint generated by default as identity, birthdate timestamp not null, name varchar(100) not null, status varchar(10) not null, primary key (id))
Hibernate: alter table address_entity add constraint FK9spv5h8yg5r7fuukb5ifca1nq foreign key (person_entity_id) references person_entity
2023-04-05 10:03:10.365  INFO 8201 --- [    Test worker] o.h.e.t.j.p.i.JtaPlatformInitiator       : HHH000490: Using JtaPlatform implementation: [org.hibernate.engine.transaction.jta.platform.internal.NoJtaPlatform]
2023-04-05 10:03:10.386  INFO 8201 --- [    Test worker] j.LocalContainerEntityManagerFactoryBean : Initialized JPA EntityManagerFactory for persistence unit 'default'
2023-04-05 10:03:12.688  WARN 8201 --- [    Test worker] JpaBaseConfiguration$JpaWebConfiguration : spring.jpa.open-in-view is enabled by default. Therefore, database queries may be performed during view rendering. Explicitly configure spring.jpa.open-in-view to disable this warning
2023-04-05 10:03:14.423  INFO 8201 --- [    Test worker] o.s.b.a.e.web.EndpointLinksResolver      : Exposing 13 endpoint(s) beneath base path '/actuator'
2023-04-05 10:03:16.391  WARN 8201 --- [    Test worker] o.s.b.a.m.MustacheAutoConfiguration      : Cannot find template location: classpath:/templates/ (please add some templates, check your Mustache configuration, or set spring.mustache.check-template-location=false)
2023-04-05 10:03:18.758  INFO 8201 --- [    Test worker] c.p.PeopleRegistrationApplicationTests   : Started PeopleRegistrationApplicationTests in 20.055 seconds (JVM running for 24.362)

  .   ____          _            __ _ _
 /\\ / ___'_ __ _ _(_)_ __  __ _ \ \ \ \
( ( )\___ | '_ | '_| | '_ \/ _` | \ \ \ \
 \\/  ___)| |_)| | | | | || (_| |  ) ) ) )
  '  |____| .__|_| |_|_| |_\__, | / / / /
 =========|_|==============|___/=/_/_/_/
 :: Spring Boot ::                (v2.5.6)

2023-04-05 10:03:19.595  INFO 8201 --- [    Test worker] c.p.PeopleRegistrationApplication        : Starting PeopleRegistrationApplication using Java 17.0.2 on forttiori-Lenovo-ideapad-320-15IKB with PID 8201 (started by forttiori in /home/forttiori/Documentos/people-registration)
2023-04-05 10:03:19.596  INFO 8201 --- [    Test worker] c.p.PeopleRegistrationApplication        : No active profile set, falling back to default profiles: default
2023-04-05 10:03:20.693  INFO 8201 --- [    Test worker] .s.d.r.c.RepositoryConfigurationDelegate : Bootstrapping Spring Data JPA repositories in DEFAULT mode.
2023-04-05 10:03:20.724  INFO 8201 --- [    Test worker] .s.d.r.c.RepositoryConfigurationDelegate : Finished Spring Data repository scanning in 26 ms. Found 2 JPA repository interfaces.
2023-04-05 10:03:20.883  INFO 8201 --- [    Test worker] trationDelegate$BeanPostProcessorChecker : Bean 'org.springframework.ws.config.annotation.DelegatingWsConfiguration' of type [org.springframework.ws.config.annotation.DelegatingWsConfiguration$$EnhancerBySpringCGLIB$$b5a92eff] is not eligible for getting processed by all BeanPostProcessors (for example: not eligible for auto-proxying)
2023-04-05 10:03:20.887  INFO 8201 --- [    Test worker] .w.s.a.s.AnnotationActionEndpointMapping : Supporting [WS-Addressing August 2004, WS-Addressing 1.0]
2023-04-05 10:03:21.492  INFO 8201 --- [    Test worker] o.s.b.w.embedded.tomcat.TomcatWebServer  : Tomcat initialized with port(s): 8080 (http)
2023-04-05 10:03:21.528  INFO 8201 --- [    Test worker] o.apache.catalina.core.StandardService   : Starting service [Tomcat]
2023-04-05 10:03:21.529  INFO 8201 --- [    Test worker] org.apache.catalina.core.StandardEngine  : Starting Servlet engine: [Apache Tomcat/9.0.54]
2023-04-05 10:03:21.857  INFO 8201 --- [    Test worker] o.a.c.c.C.[Tomcat].[localhost].[/]       : Initializing Spring embedded WebApplicationContext
2023-04-05 10:03:21.860  INFO 8201 --- [    Test worker] w.s.c.ServletWebServerApplicationContext : Root WebApplicationContext: initialization completed in 2259 ms
2023-04-05 10:03:22.287  INFO 8201 --- [    Test worker] com.zaxxer.hikari.HikariDataSource       : HikariPool-2 - Starting...
2023-04-05 10:03:22.296  INFO 8201 --- [    Test worker] com.zaxxer.hikari.HikariDataSource       : HikariPool-2 - Start completed.
2023-04-05 10:03:22.306  INFO 8201 --- [    Test worker] o.hibernate.jpa.internal.util.LogHelper  : HHH000204: Processing PersistenceUnitInfo [name: default]
2023-04-05 10:03:22.328  INFO 8201 --- [    Test worker] org.hibernate.dialect.Dialect            : HHH000400: Using dialect: org.hibernate.dialect.H2Dialect
Hibernate: drop table if exists address_entity CASCADE 
Hibernate: drop table if exists person_entity CASCADE 
Hibernate: create table address_entity (id bigint generated by default as identity, cep varchar(10) not null, city varchar(100) not null, main_address boolean not null, neighborhood varchar(100) not null, number varchar(10) not null, street varchar(100) not null, uf varchar(2) not null, person_entity_id bigint, primary key (id))
Hibernate: create table person_entity (id bigint generated by default as identity, birthdate timestamp not null, name varchar(100) not null, status varchar(10) not null, primary key (id))
Hibernate: alter table address_entity add constraint FK9spv5h8yg5r7fuukb5ifca1nq foreign key (person_entity_id) references person_entity
2023-04-05 10:03:22.627  INFO 8201 --- [    Test worker] o.h.e.t.j.p.i.JtaPlatformInitiator       : HHH000490: Using JtaPlatform implementation: [org.hibernate.engine.transaction.jta.platform.internal.NoJtaPlatform]
2023-04-05 10:03:22.628  INFO 8201 --- [    Test worker] j.LocalContainerEntityManagerFactoryBean : Initialized JPA EntityManagerFactory for persistence unit 'default'
2023-04-05 10:03:23.043  WARN 8201 --- [    Test worker] JpaBaseConfiguration$JpaWebConfiguration : spring.jpa.open-in-view is enabled by default. Therefore, database queries may be performed during view rendering. Explicitly configure spring.jpa.open-in-view to disable this warning
2023-04-05 10:03:23.204  INFO 8201 --- [    Test worker] o.s.b.a.e.web.EndpointLinksResolver      : Exposing 13 endpoint(s) beneath base path '/actuator'
2023-04-05 10:03:23.381  WARN 8201 --- [    Test worker] o.s.b.a.m.MustacheAutoConfiguration      : Cannot find template location: classpath:/templates/ (please add some templates, check your Mustache configuration, or set spring.mustache.check-template-location=false)
2023-04-05 10:03:23.555  INFO 8201 --- [    Test worker] o.s.b.w.embedded.tomcat.TomcatWebServer  : Tomcat started on port(s): 8080 (http) with context path ''
2023-04-05 10:03:23.927  INFO 8201 --- [    Test worker] c.p.PeopleRegistrationApplication        : Started PeopleRegistrationApplication in 4.404 seconds (JVM running for 29.532)
]]></system-out>
  <system-err><![CDATA[]]></system-err>
</testsuite>
