<?xml version="1.0" encoding="UTF-8"?>
<testsuite name="camila.peopleregistration.exceptions.ApiExceptionHandlerTest" tests="6" skipped="0" failures="0" errors="0" timestamp="2023-04-05T15:02:35" hostname="forttiori-Lenovo-ideapad-320-15IKB" time="0.05">
  <properties/>
  <testcase name="Deve lançar HttpClientErrorException" classname="camila.peopleregistration.exceptions.ApiExceptionHandlerTest" time="0.008"/>
  <testcase name="Deve lançar HttpRequestMethodNotSupportedException" classname="camila.peopleregistration.exceptions.ApiExceptionHandlerTest" time="0.016"/>
  <testcase name="Deve lançar NullPointerException" classname="camila.peopleregistration.exceptions.ApiExceptionHandlerTest" time="0.004"/>
  <testcase name="Deve lançar ResponseStatusException" classname="camila.peopleregistration.exceptions.ApiExceptionHandlerTest" time="0.004"/>
  <testcase name="Deve lançar Exception" classname="camila.peopleregistration.exceptions.ApiExceptionHandlerTest" time="0.004"/>
  <testcase name="Deve lançar NotFoundException" classname="camila.peopleregistration.exceptions.ApiExceptionHandlerTest" time="0.004"/>
  <system-out><![CDATA[2023-04-05 12:02:35.002  INFO 5214 --- [    Test worker] .b.t.a.w.s.WebMvcTestContextBootstrapper : Neither @ContextConfiguration nor @ContextHierarchy found for test class [camila.peopleregistration.exceptions.ApiExceptionHandlerTest], using SpringBootContextLoader
2023-04-05 12:02:35.003  INFO 5214 --- [    Test worker] o.s.t.c.support.AbstractContextLoader    : Could not detect default resource locations for test class [camila.peopleregistration.exceptions.ApiExceptionHandlerTest]: no resource found for suffixes {-context.xml, Context.groovy}.
2023-04-05 12:02:35.003  INFO 5214 --- [    Test worker] t.c.s.AnnotationConfigContextLoaderUtils : Could not detect default configuration classes for test class [camila.peopleregistration.exceptions.ApiExceptionHandlerTest]: ApiExceptionHandlerTest does not declare any static, non-private, non-final, nested classes annotated with @Configuration.
2023-04-05 12:02:35.015  INFO 5214 --- [    Test worker] .b.t.c.SpringBootTestContextBootstrapper : Found @SpringBootConfiguration camila.peopleregistration.PeopleRegistrationApplication for test class camila.peopleregistration.exceptions.ApiExceptionHandlerTest
2023-04-05 12:02:35.016  INFO 5214 --- [    Test worker] .b.t.a.w.s.WebMvcTestContextBootstrapper : Loaded default TestExecutionListener class names from location [META-INF/spring.factories]: [org.springframework.boot.test.autoconfigure.restdocs.RestDocsTestExecutionListener, org.springframework.boot.test.autoconfigure.web.client.MockRestServiceServerResetTestExecutionListener, org.springframework.boot.test.autoconfigure.web.servlet.MockMvcPrintOnlyOnFailureTestExecutionListener, org.springframework.boot.test.autoconfigure.web.servlet.WebDriverTestExecutionListener, org.springframework.boot.test.autoconfigure.webservices.client.MockWebServiceServerTestExecutionListener, org.springframework.boot.test.mock.mockito.MockitoTestExecutionListener, org.springframework.boot.test.mock.mockito.ResetMocksTestExecutionListener, org.springframework.test.context.web.ServletTestExecutionListener, org.springframework.test.context.support.DirtiesContextBeforeModesTestExecutionListener, org.springframework.test.context.event.ApplicationEventsTestExecutionListener, org.springframework.test.context.support.DependencyInjectionTestExecutionListener, org.springframework.test.context.support.DirtiesContextTestExecutionListener, org.springframework.test.context.transaction.TransactionalTestExecutionListener, org.springframework.test.context.jdbc.SqlScriptsTestExecutionListener, org.springframework.test.context.event.EventPublishingTestExecutionListener]
2023-04-05 12:02:35.017  INFO 5214 --- [    Test worker] .b.t.a.w.s.WebMvcTestContextBootstrapper : Using TestExecutionListeners: [org.springframework.test.context.web.ServletTestExecutionListener@78bb9a6d, org.springframework.test.context.support.DirtiesContextBeforeModesTestExecutionListener@3e6d2a6, org.springframework.test.context.event.ApplicationEventsTestExecutionListener@3edd6b40, org.springframework.boot.test.mock.mockito.MockitoTestExecutionListener@373ae995, org.springframework.boot.test.autoconfigure.SpringBootDependencyInjectionTestExecutionListener@137675ed, org.springframework.test.context.support.DirtiesContextTestExecutionListener@2630e6c7, org.springframework.test.context.transaction.TransactionalTestExecutionListener@73620e2a, org.springframework.test.context.jdbc.SqlScriptsTestExecutionListener@13f42792, org.springframework.test.context.event.EventPublishingTestExecutionListener@338de11c, org.springframework.boot.test.autoconfigure.restdocs.RestDocsTestExecutionListener@122a2f74, org.springframework.boot.test.autoconfigure.web.client.MockRestServiceServerResetTestExecutionListener@71da6045, org.springframework.boot.test.autoconfigure.web.servlet.MockMvcPrintOnlyOnFailureTestExecutionListener@43a0015b, org.springframework.boot.test.autoconfigure.web.servlet.WebDriverTestExecutionListener@1ff98d32, org.springframework.boot.test.autoconfigure.webservices.client.MockWebServiceServerTestExecutionListener@5ceb4036, org.springframework.boot.test.mock.mockito.ResetMocksTestExecutionListener@7e11cba6]

  .   ____          _            __ _ _
 /\\ / ___'_ __ _ _(_)_ __  __ _ \ \ \ \
( ( )\___ | '_ | '_| | '_ \/ _` | \ \ \ \
 \\/  ___)| |_)| | | | | || (_| |  ) ) ) )
  '  |____| .__|_| |_|_| |_\__, | / / / /
 =========|_|==============|___/=/_/_/_/
 :: Spring Boot ::                (v2.5.6)

2023-04-05 12:02:35.179  INFO 5214 --- [    Test worker] c.p.exceptions.ApiExceptionHandlerTest   : Starting ApiExceptionHandlerTest using Java 19.0.2 on forttiori-Lenovo-ideapad-320-15IKB with PID 5214 (started by forttiori in /home/forttiori/Documentos/people-registration)
2023-04-05 12:02:35.179  INFO 5214 --- [    Test worker] c.p.exceptions.ApiExceptionHandlerTest   : The following profiles are active: test
2023-04-05 12:02:35.423  WARN 5214 --- [    Test worker] o.s.b.a.m.MustacheAutoConfiguration      : Cannot find template location: classpath:/templates/ (please add some templates, check your Mustache configuration, or set spring.mustache.check-template-location=false)
2023-04-05 12:02:35.458  INFO 5214 --- [    Test worker] o.s.b.t.m.w.SpringBootMockServletContext : Initializing Spring TestDispatcherServlet ''
2023-04-05 12:02:35.458  INFO 5214 --- [    Test worker] o.s.t.web.servlet.TestDispatcherServlet  : Initializing Servlet ''
2023-04-05 12:02:35.459  INFO 5214 --- [    Test worker] o.s.t.web.servlet.TestDispatcherServlet  : Completed initialization in 1 ms
2023-04-05 12:02:35.470  INFO 5214 --- [    Test worker] c.p.exceptions.ApiExceptionHandlerTest   : Started ApiExceptionHandlerTest in 0.316 seconds (JVM running for 24.411)
]]></system-out>
  <system-err><![CDATA[]]></system-err>
</testsuite>
