<?xml version="1.0" encoding="UTF-8"?>
<testsuite name="camila.peopleregistration.service.AddressServiceTest" tests="11" skipped="0" failures="0" errors="0" timestamp="2023-04-05T15:02:37" hostname="forttiori-Lenovo-ideapad-320-15IKB" time="0.072">
  <properties/>
  <testcase name="Deve deletar um endereço com sucesso" classname="camila.peopleregistration.service.AddressServiceTest" time="0.016"/>
  <testcase name="Deve lançar NotFoundException quando não achar uma pessoa pelo ID" classname="camila.peopleregistration.service.AddressServiceTest" time="0.006"/>
  <testcase name="Deve criar um novo endereço com sucesso" classname="camila.peopleregistration.service.AddressServiceTest" time="0.006"/>
  <testcase name="shouldfUpdateAddressByPersonId_Success()" classname="camila.peopleregistration.service.AddressServiceTest" time="0.004"/>
  <testcase name="Deve lançar NotFoundException quando tentar deletar pelo id inválido" classname="camila.peopleregistration.service.AddressServiceTest" time="0.004"/>
  <testcase name="Deve retornar endereços pelo id da pessoa" classname="camila.peopleregistration.service.AddressServiceTest" time="0.003"/>
  <testcase name="Deve lançar NotFoundException quando não achar um endereço pelo ID" classname="camila.peopleregistration.service.AddressServiceTest" time="0.004"/>
  <testcase name="Pesquisar CEP com sucesso" classname="camila.peopleregistration.service.AddressServiceTest" time="0.003"/>
  <testcase name="createNewAddress_PersonNotFound()" classname="camila.peopleregistration.service.AddressServiceTest" time="0.003"/>
  <testcase name="Deve lançar NotFoundException quando o CEP for vazio" classname="camila.peopleregistration.service.AddressServiceTest" time="0.002"/>
  <testcase name="Deve lançar NotFoundException quando não achar o ID" classname="camila.peopleregistration.service.AddressServiceTest" time="0.004"/>
  <system-out><![CDATA[2023-04-05 12:02:37.311  INFO 5214 --- [    Test worker] o.s.t.c.s.DefaultTestContextBootstrapper : Neither @ContextConfiguration nor @ContextHierarchy found for test class [camila.peopleregistration.service.AddressServiceTest], using DelegatingSmartContextLoader
2023-04-05 12:02:37.312  INFO 5214 --- [    Test worker] o.s.t.c.support.AbstractContextLoader    : Could not detect default resource locations for test class [camila.peopleregistration.service.AddressServiceTest]: no resource found for suffixes {-context.xml}.
2023-04-05 12:02:37.313  INFO 5214 --- [    Test worker] t.c.s.AnnotationConfigContextLoaderUtils : Could not detect default configuration classes for test class [camila.peopleregistration.service.AddressServiceTest]: AddressServiceTest does not declare any static, non-private, non-final, nested classes annotated with @Configuration.
2023-04-05 12:02:37.314  INFO 5214 --- [    Test worker] o.s.t.c.s.DefaultTestContextBootstrapper : Loaded default TestExecutionListener class names from location [META-INF/spring.factories]: [org.springframework.boot.test.autoconfigure.restdocs.RestDocsTestExecutionListener, org.springframework.boot.test.autoconfigure.web.client.MockRestServiceServerResetTestExecutionListener, org.springframework.boot.test.autoconfigure.web.servlet.MockMvcPrintOnlyOnFailureTestExecutionListener, org.springframework.boot.test.autoconfigure.web.servlet.WebDriverTestExecutionListener, org.springframework.boot.test.autoconfigure.webservices.client.MockWebServiceServerTestExecutionListener, org.springframework.boot.test.mock.mockito.MockitoTestExecutionListener, org.springframework.boot.test.mock.mockito.ResetMocksTestExecutionListener, org.springframework.test.context.web.ServletTestExecutionListener, org.springframework.test.context.support.DirtiesContextBeforeModesTestExecutionListener, org.springframework.test.context.event.ApplicationEventsTestExecutionListener, org.springframework.test.context.support.DependencyInjectionTestExecutionListener, org.springframework.test.context.support.DirtiesContextTestExecutionListener, org.springframework.test.context.transaction.TransactionalTestExecutionListener, org.springframework.test.context.jdbc.SqlScriptsTestExecutionListener, org.springframework.test.context.event.EventPublishingTestExecutionListener]
2023-04-05 12:02:37.315  INFO 5214 --- [    Test worker] o.s.t.c.s.DefaultTestContextBootstrapper : Using TestExecutionListeners: [org.springframework.test.context.web.ServletTestExecutionListener@399eaf9, org.springframework.test.context.support.DirtiesContextBeforeModesTestExecutionListener@1acb1c26, org.springframework.test.context.event.ApplicationEventsTestExecutionListener@9cfddc9, org.springframework.boot.test.mock.mockito.MockitoTestExecutionListener@22947281, org.springframework.test.context.support.DependencyInjectionTestExecutionListener@6e168a08, org.springframework.test.context.support.DirtiesContextTestExecutionListener@2c7e91c0, org.springframework.test.context.transaction.TransactionalTestExecutionListener@5b283013, org.springframework.test.context.jdbc.SqlScriptsTestExecutionListener@5a29518d, org.springframework.test.context.event.EventPublishingTestExecutionListener@35c60a, org.springframework.boot.test.autoconfigure.restdocs.RestDocsTestExecutionListener@589db75d, org.springframework.boot.test.autoconfigure.web.client.MockRestServiceServerResetTestExecutionListener@42afacf5, org.springframework.boot.test.autoconfigure.web.servlet.MockMvcPrintOnlyOnFailureTestExecutionListener@529a3814, org.springframework.boot.test.autoconfigure.web.servlet.WebDriverTestExecutionListener@7cb1b1db, org.springframework.boot.test.autoconfigure.webservices.client.MockWebServiceServerTestExecutionListener@49a3d64f, org.springframework.boot.test.mock.mockito.ResetMocksTestExecutionListener@7654038a]
]]></system-out>
  <system-err><![CDATA[]]></system-err>
</testsuite>
