<?xml version="1.0" encoding="UTF-8"?>
<testsuite name="camila.peopleregistration.exceptions.PersonMapperTest" tests="1" skipped="0" failures="0" errors="0" timestamp="2023-04-05T15:02:35" hostname="forttiori-Lenovo-ideapad-320-15IKB" time="0.004">
  <properties/>
  <testcase name="pessoaMapperTest_cannot_instantiate()" classname="camila.peopleregistration.exceptions.PersonMapperTest" time="0.004"/>
  <system-out><![CDATA[2023-04-05 12:02:35.524  INFO 5214 --- [    Test worker] .b.t.a.w.s.WebMvcTestContextBootstrapper : Neither @ContextConfiguration nor @ContextHierarchy found for test class [camila.peopleregistration.exceptions.PersonMapperTest], using SpringBootContextLoader
2023-04-05 12:02:35.525  INFO 5214 --- [    Test worker] o.s.t.c.support.AbstractContextLoader    : Could not detect default resource locations for test class [camila.peopleregistration.exceptions.PersonMapperTest]: no resource found for suffixes {-context.xml, Context.groovy}.
2023-04-05 12:02:35.525  INFO 5214 --- [    Test worker] t.c.s.AnnotationConfigContextLoaderUtils : Could not detect default configuration classes for test class [camila.peopleregistration.exceptions.PersonMapperTest]: PersonMapperTest does not declare any static, non-private, non-final, nested classes annotated with @Configuration.
2023-04-05 12:02:35.527  INFO 5214 --- [    Test worker] .b.t.c.SpringBootTestContextBootstrapper : Found @SpringBootConfiguration camila.peopleregistration.PeopleRegistrationApplication for test class camila.peopleregistration.exceptions.PersonMapperTest
2023-04-05 12:02:35.528  INFO 5214 --- [    Test worker] .b.t.a.w.s.WebMvcTestContextBootstrapper : Loaded default TestExecutionListener class names from location [META-INF/spring.factories]: [org.springframework.boot.test.autoconfigure.restdocs.RestDocsTestExecutionListener, org.springframework.boot.test.autoconfigure.web.client.MockRestServiceServerResetTestExecutionListener, org.springframework.boot.test.autoconfigure.web.servlet.MockMvcPrintOnlyOnFailureTestExecutionListener, org.springframework.boot.test.autoconfigure.web.servlet.WebDriverTestExecutionListener, org.springframework.boot.test.autoconfigure.webservices.client.MockWebServiceServerTestExecutionListener, org.springframework.boot.test.mock.mockito.MockitoTestExecutionListener, org.springframework.boot.test.mock.mockito.ResetMocksTestExecutionListener, org.springframework.test.context.web.ServletTestExecutionListener, org.springframework.test.context.support.DirtiesContextBeforeModesTestExecutionListener, org.springframework.test.context.event.ApplicationEventsTestExecutionListener, org.springframework.test.context.support.DependencyInjectionTestExecutionListener, org.springframework.test.context.support.DirtiesContextTestExecutionListener, org.springframework.test.context.transaction.TransactionalTestExecutionListener, org.springframework.test.context.jdbc.SqlScriptsTestExecutionListener, org.springframework.test.context.event.EventPublishingTestExecutionListener]
2023-04-05 12:02:35.528  INFO 5214 --- [    Test worker] .b.t.a.w.s.WebMvcTestContextBootstrapper : Using TestExecutionListeners: [org.springframework.test.context.web.ServletTestExecutionListener@25b1eae1, org.springframework.test.context.support.DirtiesContextBeforeModesTestExecutionListener@90d7c52, org.springframework.test.context.event.ApplicationEventsTestExecutionListener@74b2ad8e, org.springframework.boot.test.mock.mockito.MockitoTestExecutionListener@675e993e, org.springframework.boot.test.autoconfigure.SpringBootDependencyInjectionTestExecutionListener@4d1281d6, org.springframework.test.context.support.DirtiesContextTestExecutionListener@2f9f8bca, org.springframework.test.context.transaction.TransactionalTestExecutionListener@4ea08d6a, org.springframework.test.context.jdbc.SqlScriptsTestExecutionListener@5d246ae9, org.springframework.test.context.event.EventPublishingTestExecutionListener@4e15caa, org.springframework.boot.test.autoconfigure.restdocs.RestDocsTestExecutionListener@57f34627, org.springframework.boot.test.autoconfigure.web.client.MockRestServiceServerResetTestExecutionListener@1df24a6e, org.springframework.boot.test.autoconfigure.web.servlet.MockMvcPrintOnlyOnFailureTestExecutionListener@637f181b, org.springframework.boot.test.autoconfigure.web.servlet.WebDriverTestExecutionListener@6d750cd2, org.springframework.boot.test.autoconfigure.webservices.client.MockWebServiceServerTestExecutionListener@20faad25, org.springframework.boot.test.mock.mockito.ResetMocksTestExecutionListener@2fd4226e]

  .   ____          _            __ _ _
 /\\ / ___'_ __ _ _(_)_ __  __ _ \ \ \ \
( ( )\___ | '_ | '_| | '_ \/ _` | \ \ \ \
 \\/  ___)| |_)| | | | | || (_| |  ) ) ) )
  '  |____| .__|_| |_|_| |_\__, | / / / /
 =========|_|==============|___/=/_/_/_/
 :: Spring Boot ::                (v2.5.6)

2023-04-05 12:02:35.548  INFO 5214 --- [    Test worker] c.p.exceptions.PersonMapperTest          : Starting PersonMapperTest using Java 19.0.2 on forttiori-Lenovo-ideapad-320-15IKB with PID 5214 (started by forttiori in /home/forttiori/Documentos/people-registration)
2023-04-05 12:02:35.548  INFO 5214 --- [    Test worker] c.p.exceptions.PersonMapperTest          : The following profiles are active: test
2023-04-05 12:02:35.814  WARN 5214 --- [    Test worker] o.s.b.a.m.MustacheAutoConfiguration      : Cannot find template location: classpath:/templates/ (please add some templates, check your Mustache configuration, or set spring.mustache.check-template-location=false)
2023-04-05 12:02:35.837  INFO 5214 --- [    Test worker] o.s.b.t.m.w.SpringBootMockServletContext : Initializing Spring TestDispatcherServlet ''
2023-04-05 12:02:35.837  INFO 5214 --- [    Test worker] o.s.t.web.servlet.TestDispatcherServlet  : Initializing Servlet ''
2023-04-05 12:02:35.838  INFO 5214 --- [    Test worker] o.s.t.web.servlet.TestDispatcherServlet  : Completed initialization in 1 ms
2023-04-05 12:02:35.845  INFO 5214 --- [    Test worker] c.p.exceptions.PersonMapperTest          : Started PersonMapperTest in 0.313 seconds (JVM running for 24.786)
]]></system-out>
  <system-err><![CDATA[]]></system-err>
</testsuite>
