<?xml version="1.0" encoding="UTF-8"?>
<testsuite name="camila.peopleregistration.PeopleRegistrationApplicationTests" tests="1" skipped="0" failures="0" errors="0" timestamp="2023-04-05T15:02:24" hostname="forttiori-Lenovo-ideapad-320-15IKB" time="2.626">
  <properties/>
  <testcase name="main()" classname="camila.peopleregistration.PeopleRegistrationApplicationTests" time="2.626"/>
  <system-out><![CDATA[12:02:12.972 [Test worker] DEBUG org.springframework.test.context.BootstrapUtils - Instantiating CacheAwareContextLoaderDelegate from class [org.springframework.test.context.cache.DefaultCacheAwareContextLoaderDelegate]
12:02:13.019 [Test worker] DEBUG org.springframework.test.context.BootstrapUtils - Instantiating BootstrapContext using constructor [public org.springframework.test.context.support.DefaultBootstrapContext(java.lang.Class,org.springframework.test.context.CacheAwareContextLoaderDelegate)]
12:02:13.149 [Test worker] DEBUG org.springframework.test.context.BootstrapUtils - Instantiating TestContextBootstrapper for test class [camila.peopleregistration.PeopleRegistrationApplicationTests] from class [org.springframework.boot.test.context.SpringBootTestContextBootstrapper]
12:02:13.181 [Test worker] INFO org.springframework.boot.test.context.SpringBootTestContextBootstrapper - Neither @ContextConfiguration nor @ContextHierarchy found for test class [camila.peopleregistration.PeopleRegistrationApplicationTests], using SpringBootContextLoader
12:02:13.198 [Test worker] DEBUG org.springframework.test.context.support.AbstractContextLoader - Did not detect default resource location for test class [camila.peopleregistration.PeopleRegistrationApplicationTests]: class path resource [camila/peopleregistration/PeopleRegistrationApplicationTests-context.xml] does not exist
12:02:13.200 [Test worker] DEBUG org.springframework.test.context.support.AbstractContextLoader - Did not detect default resource location for test class [camila.peopleregistration.PeopleRegistrationApplicationTests]: class path resource [camila/peopleregistration/PeopleRegistrationApplicationTestsContext.groovy] does not exist
12:02:13.201 [Test worker] INFO org.springframework.test.context.support.AbstractContextLoader - Could not detect default resource locations for test class [camila.peopleregistration.PeopleRegistrationApplicationTests]: no resource found for suffixes {-context.xml, Context.groovy}.
12:02:13.205 [Test worker] INFO org.springframework.test.context.support.AnnotationConfigContextLoaderUtils - Could not detect default configuration classes for test class [camila.peopleregistration.PeopleRegistrationApplicationTests]: PeopleRegistrationApplicationTests does not declare any static, non-private, non-final, nested classes annotated with @Configuration.
12:02:13.366 [Test worker] DEBUG org.springframework.test.context.support.ActiveProfilesUtils - Could not find an 'annotation declaring class' for annotation type [org.springframework.test.context.ActiveProfiles] and class [camila.peopleregistration.PeopleRegistrationApplicationTests]
12:02:13.492 [Test worker] DEBUG org.springframework.context.annotation.ClassPathScanningCandidateComponentProvider - Identified candidate component class: file [/home/forttiori/Documentos/people-registration/build/classes/java/main/camila/peopleregistration/PeopleRegistrationApplication.class]
12:02:13.495 [Test worker] INFO org.springframework.boot.test.context.SpringBootTestContextBootstrapper - Found @SpringBootConfiguration camila.peopleregistration.PeopleRegistrationApplication for test class camila.peopleregistration.PeopleRegistrationApplicationTests
12:02:13.785 [Test worker] DEBUG org.springframework.boot.test.context.SpringBootTestContextBootstrapper - @TestExecutionListeners is not present for class [camila.peopleregistration.PeopleRegistrationApplicationTests]: using defaults.
12:02:13.787 [Test worker] INFO org.springframework.boot.test.context.SpringBootTestContextBootstrapper - Loaded default TestExecutionListener class names from location [META-INF/spring.factories]: [org.springframework.boot.test.autoconfigure.restdocs.RestDocsTestExecutionListener, org.springframework.boot.test.autoconfigure.web.client.MockRestServiceServerResetTestExecutionListener, org.springframework.boot.test.autoconfigure.web.servlet.MockMvcPrintOnlyOnFailureTestExecutionListener, org.springframework.boot.test.autoconfigure.web.servlet.WebDriverTestExecutionListener, org.springframework.boot.test.autoconfigure.webservices.client.MockWebServiceServerTestExecutionListener, org.springframework.boot.test.mock.mockito.MockitoTestExecutionListener, org.springframework.boot.test.mock.mockito.ResetMocksTestExecutionListener, org.springframework.test.context.web.ServletTestExecutionListener, org.springframework.test.context.support.DirtiesContextBeforeModesTestExecutionListener, org.springframework.test.context.event.ApplicationEventsTestExecutionListener, org.springframework.test.context.support.DependencyInjectionTestExecutionListener, org.springframework.test.context.support.DirtiesContextTestExecutionListener, org.springframework.test.context.transaction.TransactionalTestExecutionListener, org.springframework.test.context.jdbc.SqlScriptsTestExecutionListener, org.springframework.test.context.event.EventPublishingTestExecutionListener]
12:02:13.834 [Test worker] INFO org.springframework.boot.test.context.SpringBootTestContextBootstrapper - Using TestExecutionListeners: [org.springframework.test.context.web.ServletTestExecutionListener@d70f722, org.springframework.test.context.support.DirtiesContextBeforeModesTestExecutionListener@1e1eeedd, org.springframework.test.context.event.ApplicationEventsTestExecutionListener@798256c5, org.springframework.boot.test.mock.mockito.MockitoTestExecutionListener@7ec95456, org.springframework.boot.test.autoconfigure.SpringBootDependencyInjectionTestExecutionListener@748a654a, org.springframework.test.context.support.DirtiesContextTestExecutionListener@1d8b0500, org.springframework.test.context.transaction.TransactionalTestExecutionListener@76544c0a, org.springframework.test.context.jdbc.SqlScriptsTestExecutionListener@428bdd72, org.springframework.test.context.event.EventPublishingTestExecutionListener@650c405c, org.springframework.boot.test.autoconfigure.restdocs.RestDocsTestExecutionListener@20eaeaf8, org.springframework.boot.test.autoconfigure.web.client.MockRestServiceServerResetTestExecutionListener@748ac6f3, org.springframework.boot.test.autoconfigure.web.servlet.MockMvcPrintOnlyOnFailureTestExecutionListener@68f6e55d, org.springframework.boot.test.autoconfigure.web.servlet.WebDriverTestExecutionListener@6fff46bf, org.springframework.boot.test.autoconfigure.webservices.client.MockWebServiceServerTestExecutionListener@1835dc92, org.springframework.boot.test.mock.mockito.ResetMocksTestExecutionListener@3aaa3c39]
12:02:13.842 [Test worker] DEBUG org.springframework.test.context.support.AbstractDirtiesContextTestExecutionListener - Before test class: context [DefaultTestContext@6413d7e7 testClass = PeopleRegistrationApplicationTests, testInstance = [null], testMethod = [null], testException = [null], mergedContextConfiguration = [WebMergedContextConfiguration@d16be4f testClass = PeopleRegistrationApplicationTests, locations = '{}', classes = '{class camila.peopleregistration.PeopleRegistrationApplication}', contextInitializerClasses = '[]', activeProfiles = '{}', propertySourceLocations = '{}', propertySourceProperties = '{org.springframework.boot.test.context.SpringBootTestContextBootstrapper=true}', contextCustomizers = set[org.springframework.boot.test.autoconfigure.actuate.metrics.MetricsExportContextCustomizerFactory$DisableMetricExportContextCustomizer@440eaa07, org.springframework.boot.test.autoconfigure.properties.PropertyMappingContextCustomizer@0, org.springframework.boot.test.autoconfigure.web.servlet.WebDriverContextCustomizerFactory$Customizer@7afb1741, org.springframework.boot.test.context.filter.ExcludeFilterContextCustomizer@45bb2aa1, org.springframework.boot.test.json.DuplicateJsonObjectContextCustomizerFactory$DuplicateJsonObjectContextCustomizer@73545b80, org.springframework.boot.test.mock.mockito.MockitoContextCustomizer@0, org.springframework.boot.test.web.client.TestRestTemplateContextCustomizer@27a97e08, org.springframework.boot.test.context.SpringBootTestArgs@1, org.springframework.boot.test.context.SpringBootTestWebEnvironment@72445aba], resourceBasePath = 'src/main/webapp', contextLoader = 'org.springframework.boot.test.context.SpringBootContextLoader', parent = [null]], attributes = map['org.springframework.test.context.web.ServletTestExecutionListener.activateListener' -> true]], class annotated with @DirtiesContext [false] with mode [null].
12:02:13.916 [Test worker] DEBUG org.springframework.test.context.support.TestPropertySourceUtils - Adding inlined properties to environment: {spring.jmx.enabled=false, org.springframework.boot.test.context.SpringBootTestContextBootstrapper=true}

  .   ____          _            __ _ _
 /\\ / ___'_ __ _ _(_)_ __  __ _ \ \ \ \
( ( )\___ | '_ | '_| | '_ \/ _` | \ \ \ \
 \\/  ___)| |_)| | | | | || (_| |  ) ) ) )
  '  |____| .__|_| |_|_| |_\__, | / / / /
 =========|_|==============|___/=/_/_/_/
 :: Spring Boot ::                (v2.5.6)

2023-04-05 12:02:14.402  INFO 5214 --- [    Test worker] c.p.PeopleRegistrationApplicationTests   : Starting PeopleRegistrationApplicationTests using Java 19.0.2 on forttiori-Lenovo-ideapad-320-15IKB with PID 5214 (started by forttiori in /home/forttiori/Documentos/people-registration)
2023-04-05 12:02:14.409  INFO 5214 --- [    Test worker] c.p.PeopleRegistrationApplicationTests   : No active profile set, falling back to default profiles: default
2023-04-05 12:02:16.755  INFO 5214 --- [    Test worker] .s.d.r.c.RepositoryConfigurationDelegate : Bootstrapping Spring Data JPA repositories in DEFAULT mode.
2023-04-05 12:02:16.989  INFO 5214 --- [    Test worker] .s.d.r.c.RepositoryConfigurationDelegate : Finished Spring Data repository scanning in 217 ms. Found 2 JPA repository interfaces.
2023-04-05 12:02:17.652  INFO 5214 --- [    Test worker] trationDelegate$BeanPostProcessorChecker : Bean 'org.springframework.ws.config.annotation.DelegatingWsConfiguration' of type [org.springframework.ws.config.annotation.DelegatingWsConfiguration$$EnhancerBySpringCGLIB$$9c53b84d] is not eligible for getting processed by all BeanPostProcessors (for example: not eligible for auto-proxying)
2023-04-05 12:02:17.750  INFO 5214 --- [    Test worker] .w.s.a.s.AnnotationActionEndpointMapping : Supporting [WS-Addressing August 2004, WS-Addressing 1.0]
2023-04-05 12:02:18.065  INFO 5214 --- [    Test worker] com.zaxxer.hikari.HikariDataSource       : HikariPool-1 - Starting...
2023-04-05 12:02:18.523  INFO 5214 --- [    Test worker] com.zaxxer.hikari.HikariDataSource       : HikariPool-1 - Start completed.
2023-04-05 12:02:18.646  INFO 5214 --- [    Test worker] o.hibernate.jpa.internal.util.LogHelper  : HHH000204: Processing PersistenceUnitInfo [name: default]
2023-04-05 12:02:18.752  INFO 5214 --- [    Test worker] org.hibernate.Version                    : HHH000412: Hibernate ORM core version 5.4.32.Final
2023-04-05 12:02:19.020  INFO 5214 --- [    Test worker] o.hibernate.annotations.common.Version   : HCANN000001: Hibernate Commons Annotations {5.1.2.Final}
2023-04-05 12:02:19.253  INFO 5214 --- [    Test worker] org.hibernate.dialect.Dialect            : HHH000400: Using dialect: org.hibernate.dialect.H2Dialect
Hibernate: drop table if exists address_entity CASCADE 
Hibernate: drop table if exists person_entity CASCADE 
Hibernate: create table address_entity (id bigint generated by default as identity, cep varchar(10) not null, city varchar(100) not null, main_address boolean not null, neighborhood varchar(100) not null, number varchar(10) not null, street varchar(100) not null, uf varchar(2) not null, person_entity_id bigint, primary key (id))
Hibernate: create table person_entity (id bigint generated by default as identity, birthdate date not null, name varchar(100) not null, status varchar(10) not null, primary key (id))
Hibernate: alter table address_entity add constraint FK9spv5h8yg5r7fuukb5ifca1nq foreign key (person_entity_id) references person_entity
2023-04-05 12:02:20.575  INFO 5214 --- [    Test worker] o.h.e.t.j.p.i.JtaPlatformInitiator       : HHH000490: Using JtaPlatform implementation: [org.hibernate.engine.transaction.jta.platform.internal.NoJtaPlatform]
2023-04-05 12:02:20.590  INFO 5214 --- [    Test worker] j.LocalContainerEntityManagerFactoryBean : Initialized JPA EntityManagerFactory for persistence unit 'default'
2023-04-05 12:02:21.919  WARN 5214 --- [    Test worker] JpaBaseConfiguration$JpaWebConfiguration : spring.jpa.open-in-view is enabled by default. Therefore, database queries may be performed during view rendering. Explicitly configure spring.jpa.open-in-view to disable this warning
2023-04-05 12:02:22.683  INFO 5214 --- [    Test worker] o.s.b.a.e.web.EndpointLinksResolver      : Exposing 13 endpoint(s) beneath base path '/actuator'
2023-04-05 12:02:23.467  WARN 5214 --- [    Test worker] o.s.b.a.m.MustacheAutoConfiguration      : Cannot find template location: classpath:/templates/ (please add some templates, check your Mustache configuration, or set spring.mustache.check-template-location=false)
2023-04-05 12:02:24.514  INFO 5214 --- [    Test worker] c.p.PeopleRegistrationApplicationTests   : Started PeopleRegistrationApplicationTests in 10.586 seconds (JVM running for 13.456)

  .   ____          _            __ _ _
 /\\ / ___'_ __ _ _(_)_ __  __ _ \ \ \ \
( ( )\___ | '_ | '_| | '_ \/ _` | \ \ \ \
 \\/  ___)| |_)| | | | | || (_| |  ) ) ) )
  '  |____| .__|_| |_|_| |_\__, | / / / /
 =========|_|==============|___/=/_/_/_/
 :: Spring Boot ::                (v2.5.6)

2023-04-05 12:02:24.866  INFO 5214 --- [    Test worker] c.p.PeopleRegistrationApplication        : Starting PeopleRegistrationApplication using Java 19.0.2 on forttiori-Lenovo-ideapad-320-15IKB with PID 5214 (started by forttiori in /home/forttiori/Documentos/people-registration)
2023-04-05 12:02:24.867  INFO 5214 --- [    Test worker] c.p.PeopleRegistrationApplication        : No active profile set, falling back to default profiles: default
2023-04-05 12:02:25.412  INFO 5214 --- [    Test worker] .s.d.r.c.RepositoryConfigurationDelegate : Bootstrapping Spring Data JPA repositories in DEFAULT mode.
2023-04-05 12:02:25.427  INFO 5214 --- [    Test worker] .s.d.r.c.RepositoryConfigurationDelegate : Finished Spring Data repository scanning in 14 ms. Found 2 JPA repository interfaces.
2023-04-05 12:02:25.523  INFO 5214 --- [    Test worker] trationDelegate$BeanPostProcessorChecker : Bean 'org.springframework.ws.config.annotation.DelegatingWsConfiguration' of type [org.springframework.ws.config.annotation.DelegatingWsConfiguration$$EnhancerBySpringCGLIB$$9c53b84d] is not eligible for getting processed by all BeanPostProcessors (for example: not eligible for auto-proxying)
2023-04-05 12:02:25.526  INFO 5214 --- [    Test worker] .w.s.a.s.AnnotationActionEndpointMapping : Supporting [WS-Addressing August 2004, WS-Addressing 1.0]
2023-04-05 12:02:25.781  INFO 5214 --- [    Test worker] o.s.b.w.embedded.tomcat.TomcatWebServer  : Tomcat initialized with port(s): 8080 (http)
2023-04-05 12:02:25.796  INFO 5214 --- [    Test worker] o.apache.catalina.core.StandardService   : Starting service [Tomcat]
2023-04-05 12:02:25.797  INFO 5214 --- [    Test worker] org.apache.catalina.core.StandardEngine  : Starting Servlet engine: [Apache Tomcat/9.0.54]
2023-04-05 12:02:25.968  INFO 5214 --- [    Test worker] o.a.c.c.C.[Tomcat].[localhost].[/]       : Initializing Spring embedded WebApplicationContext
2023-04-05 12:02:25.969  INFO 5214 --- [    Test worker] w.s.c.ServletWebServerApplicationContext : Root WebApplicationContext: initialization completed in 1099 ms
2023-04-05 12:02:26.153  INFO 5214 --- [    Test worker] com.zaxxer.hikari.HikariDataSource       : HikariPool-2 - Starting...
2023-04-05 12:02:26.155  INFO 5214 --- [    Test worker] com.zaxxer.hikari.HikariDataSource       : HikariPool-2 - Start completed.
2023-04-05 12:02:26.165  INFO 5214 --- [    Test worker] o.hibernate.jpa.internal.util.LogHelper  : HHH000204: Processing PersistenceUnitInfo [name: default]
2023-04-05 12:02:26.172  INFO 5214 --- [    Test worker] org.hibernate.dialect.Dialect            : HHH000400: Using dialect: org.hibernate.dialect.H2Dialect
Hibernate: drop table if exists address_entity CASCADE 
Hibernate: drop table if exists person_entity CASCADE 
Hibernate: create table address_entity (id bigint generated by default as identity, cep varchar(10) not null, city varchar(100) not null, main_address boolean not null, neighborhood varchar(100) not null, number varchar(10) not null, street varchar(100) not null, uf varchar(2) not null, person_entity_id bigint, primary key (id))
Hibernate: create table person_entity (id bigint generated by default as identity, birthdate date not null, name varchar(100) not null, status varchar(10) not null, primary key (id))
Hibernate: alter table address_entity add constraint FK9spv5h8yg5r7fuukb5ifca1nq foreign key (person_entity_id) references person_entity
2023-04-05 12:02:26.298  INFO 5214 --- [    Test worker] o.h.e.t.j.p.i.JtaPlatformInitiator       : HHH000490: Using JtaPlatform implementation: [org.hibernate.engine.transaction.jta.platform.internal.NoJtaPlatform]
2023-04-05 12:02:26.298  INFO 5214 --- [    Test worker] j.LocalContainerEntityManagerFactoryBean : Initialized JPA EntityManagerFactory for persistence unit 'default'
2023-04-05 12:02:26.529  WARN 5214 --- [    Test worker] JpaBaseConfiguration$JpaWebConfiguration : spring.jpa.open-in-view is enabled by default. Therefore, database queries may be performed during view rendering. Explicitly configure spring.jpa.open-in-view to disable this warning
2023-04-05 12:02:26.682  INFO 5214 --- [    Test worker] o.s.b.a.e.web.EndpointLinksResolver      : Exposing 13 endpoint(s) beneath base path '/actuator'
2023-04-05 12:02:26.812  WARN 5214 --- [    Test worker] o.s.b.a.m.MustacheAutoConfiguration      : Cannot find template location: classpath:/templates/ (please add some templates, check your Mustache configuration, or set spring.mustache.check-template-location=false)
2023-04-05 12:02:26.908  INFO 5214 --- [    Test worker] o.s.b.w.embedded.tomcat.TomcatWebServer  : Tomcat started on port(s): 8080 (http) with context path ''
2023-04-05 12:02:27.244  INFO 5214 --- [    Test worker] c.p.PeopleRegistrationApplication        : Started PeopleRegistrationApplication in 2.413 seconds (JVM running for 16.185)
]]></system-out>
  <system-err><![CDATA[]]></system-err>
</testsuite>
